{"/Users/chaycao/workspace/oddeNova/api/cleanup.ts": {"path":"/Users/chaycao/workspace/oddeNova/api/cleanup.ts","all":true,"statementMap":{"0":{"start":{"line":1,"column":0},"end":{"line":1,"column":66}},"3":{"start":{"line":4,"column":0},"end":{"line":4,"column":48}},"5":{"start":{"line":6,"column":0},"end":{"line":6,"column":80}},"6":{"start":{"line":7,"column":0},"end":{"line":7,"column":50}},"7":{"start":{"line":8,"column":0},"end":{"line":8,"column":59}},"8":{"start":{"line":9,"column":0},"end":{"line":9,"column":52}},"9":{"start":{"line":10,"column":0},"end":{"line":10,"column":11}},"10":{"start":{"line":11,"column":0},"end":{"line":11,"column":3}},"12":{"start":{"line":13,"column":0},"end":{"line":13,"column":45}},"13":{"start":{"line":14,"column":0},"end":{"line":14,"column":33}},"14":{"start":{"line":15,"column":0},"end":{"line":15,"column":18}},"16":{"start":{"line":17,"column":0},"end":{"line":17,"column":6}},"17":{"start":{"line":18,"column":0},"end":{"line":18,"column":31}},"18":{"start":{"line":19,"column":0},"end":{"line":19,"column":24}},"19":{"start":{"line":20,"column":0},"end":{"line":20,"column":13}},"20":{"start":{"line":21,"column":0},"end":{"line":21,"column":18}},"21":{"start":{"line":22,"column":0},"end":{"line":22,"column":7}},"23":{"start":{"line":24,"column":0},"end":{"line":24,"column":33}},"24":{"start":{"line":25,"column":0},"end":{"line":25,"column":63}},"25":{"start":{"line":26,"column":0},"end":{"line":26,"column":25}},"27":{"start":{"line":28,"column":0},"end":{"line":28,"column":30}},"28":{"start":{"line":29,"column":0},"end":{"line":29,"column":26}},"29":{"start":{"line":30,"column":0},"end":{"line":30,"column":33}},"30":{"start":{"line":31,"column":0},"end":{"line":31,"column":5}},"32":{"start":{"line":33,"column":0},"end":{"line":33,"column":27}},"33":{"start":{"line":34,"column":0},"end":{"line":34,"column":19}},"35":{"start":{"line":36,"column":0},"end":{"line":36,"column":36}},"36":{"start":{"line":37,"column":0},"end":{"line":37,"column":1}}},"s":{"0":0,"3":0,"5":0,"6":0,"7":0,"8":0,"9":0,"10":0,"12":0,"13":0,"14":0,"16":0,"17":0,"18":0,"19":0,"20":0,"21":0,"23":0,"24":0,"25":0,"27":0,"28":0,"29":0,"30":0,"32":0,"33":0,"35":0,"36":0},"branchMap":{"0":{"type":"branch","line":1,"loc":{"start":{"line":1,"column":939},"end":{"line":37,"column":1}},"locations":[{"start":{"line":1,"column":939},"end":{"line":37,"column":1}}]}},"b":{"0":[0]},"fnMap":{"0":{"name":"(empty-report)","decl":{"start":{"line":1,"column":939},"end":{"line":37,"column":1}},"loc":{"start":{"line":1,"column":939},"end":{"line":37,"column":1}},"line":1}},"f":{"0":0}}
,"/Users/chaycao/workspace/oddeNova/api/share.ts": {"path":"/Users/chaycao/workspace/oddeNova/api/share.ts","all":true,"statementMap":{"0":{"start":{"line":1,"column":0},"end":{"line":1,"column":66}},"4":{"start":{"line":5,"column":0},"end":{"line":5,"column":80}},"5":{"start":{"line":6,"column":0},"end":{"line":6,"column":30}},"6":{"start":{"line":7,"column":0},"end":{"line":7,"column":51}},"7":{"start":{"line":8,"column":0},"end":{"line":8,"column":45}},"8":{"start":{"line":9,"column":0},"end":{"line":9,"column":45}},"9":{"start":{"line":10,"column":0},"end":{"line":10,"column":59}},"10":{"start":{"line":11,"column":0},"end":{"line":11,"column":13}},"11":{"start":{"line":12,"column":0},"end":{"line":12,"column":5}},"13":{"start":{"line":14,"column":0},"end":{"line":14,"column":70}},"14":{"start":{"line":15,"column":0},"end":{"line":15,"column":39}},"16":{"start":{"line":17,"column":0},"end":{"line":17,"column":82}},"17":{"start":{"line":18,"column":0},"end":{"line":18,"column":23}},"18":{"start":{"line":19,"column":0},"end":{"line":19,"column":38}},"19":{"start":{"line":20,"column":0},"end":{"line":20,"column":7}},"21":{"start":{"line":22,"column":0},"end":{"line":22,"column":43}},"22":{"start":{"line":23,"column":0},"end":{"line":23,"column":11}},"23":{"start":{"line":24,"column":0},"end":{"line":24,"column":3}},"25":{"start":{"line":26,"column":0},"end":{"line":26,"column":29}},"26":{"start":{"line":27,"column":0},"end":{"line":27,"column":31}},"27":{"start":{"line":28,"column":0},"end":{"line":28,"column":40}},"28":{"start":{"line":29,"column":0},"end":{"line":29,"column":52}},"29":{"start":{"line":30,"column":0},"end":{"line":30,"column":13}},"30":{"start":{"line":31,"column":0},"end":{"line":31,"column":5}},"32":{"start":{"line":33,"column":0},"end":{"line":33,"column":76}},"33":{"start":{"line":34,"column":0},"end":{"line":34,"column":29}},"34":{"start":{"line":35,"column":0},"end":{"line":35,"column":51}},"35":{"start":{"line":36,"column":0},"end":{"line":36,"column":13}},"36":{"start":{"line":37,"column":0},"end":{"line":37,"column":5}},"38":{"start":{"line":39,"column":0},"end":{"line":39,"column":46}},"39":{"start":{"line":40,"column":0},"end":{"line":40,"column":22}},"40":{"start":{"line":41,"column":0},"end":{"line":41,"column":62}},"41":{"start":{"line":42,"column":0},"end":{"line":42,"column":13}},"42":{"start":{"line":43,"column":0},"end":{"line":43,"column":5}},"44":{"start":{"line":45,"column":0},"end":{"line":45,"column":38}},"45":{"start":{"line":46,"column":0},"end":{"line":46,"column":31}},"46":{"start":{"line":47,"column":0},"end":{"line":47,"column":11}},"47":{"start":{"line":48,"column":0},"end":{"line":48,"column":3}},"49":{"start":{"line":50,"column":0},"end":{"line":50,"column":56}},"50":{"start":{"line":51,"column":0},"end":{"line":51,"column":1}}},"s":{"0":0,"4":0,"5":0,"6":0,"7":0,"8":0,"9":0,"10":0,"11":0,"13":0,"14":0,"16":0,"17":0,"18":0,"19":0,"21":0,"22":0,"23":0,"25":0,"26":0,"27":0,"28":0,"29":0,"30":0,"32":0,"33":0,"34":0,"35":0,"36":0,"38":0,"39":0,"40":0,"41":0,"42":0,"44":0,"45":0,"46":0,"47":0,"49":0,"50":0},"branchMap":{"0":{"type":"branch","line":1,"loc":{"start":{"line":1,"column":0},"end":{"line":51,"column":-51}},"locations":[{"start":{"line":1,"column":0},"end":{"line":51,"column":-51}}]}},"b":{"0":[0]},"fnMap":{"0":{"name":"(empty-report)","decl":{"start":{"line":1,"column":0},"end":{"line":51,"column":-51}},"loc":{"start":{"line":1,"column":0},"end":{"line":51,"column":-51}},"line":1}},"f":{"0":0}}
,"/Users/chaycao/workspace/oddeNova/scripts/gen-ico.mjs": {"path":"/Users/chaycao/workspace/oddeNova/scripts/gen-ico.mjs","all":true,"statementMap":{"0":{"start":{"line":1,"column":0},"end":{"line":1,"column":25}},"1":{"start":{"line":2,"column":0},"end":{"line":2,"column":33}},"2":{"start":{"line":3,"column":0},"end":{"line":3,"column":48}},"3":{"start":{"line":4,"column":0},"end":{"line":4,"column":39}},"4":{"start":{"line":5,"column":0},"end":{"line":5,"column":35}},"5":{"start":{"line":6,"column":0},"end":{"line":6,"column":0}},"6":{"start":{"line":7,"column":0},"end":{"line":7,"column":57}},"7":{"start":{"line":8,"column":0},"end":{"line":8,"column":37}},"8":{"start":{"line":9,"column":0},"end":{"line":9,"column":0}},"9":{"start":{"line":10,"column":0},"end":{"line":10,"column":26}},"10":{"start":{"line":11,"column":0},"end":{"line":11,"column":71}},"11":{"start":{"line":12,"column":0},"end":{"line":12,"column":0}},"12":{"start":{"line":13,"column":0},"end":{"line":13,"column":40}},"13":{"start":{"line":14,"column":0},"end":{"line":14,"column":37}},"14":{"start":{"line":15,"column":0},"end":{"line":15,"column":19}},"15":{"start":{"line":16,"column":0},"end":{"line":16,"column":20}},"16":{"start":{"line":17,"column":0},"end":{"line":17,"column":89}},"17":{"start":{"line":18,"column":0},"end":{"line":18,"column":12}},"18":{"start":{"line":19,"column":0},"end":{"line":19,"column":17}},"19":{"start":{"line":20,"column":0},"end":{"line":20,"column":3}},"20":{"start":{"line":21,"column":0},"end":{"line":21,"column":1}},"21":{"start":{"line":22,"column":0},"end":{"line":22,"column":0}},"22":{"start":{"line":23,"column":0},"end":{"line":23,"column":23}},"23":{"start":{"line":24,"column":0},"end":{"line":24,"column":44}},"24":{"start":{"line":25,"column":0},"end":{"line":25,"column":58}},"25":{"start":{"line":26,"column":0},"end":{"line":26,"column":40}}},"s":{"0":0,"1":0,"2":0,"3":0,"4":0,"5":0,"6":0,"7":0,"8":0,"9":0,"10":0,"11":0,"12":0,"13":0,"14":0,"15":0,"16":0,"17":0,"18":0,"19":0,"20":0,"21":0,"22":0,"23":0,"24":0,"25":0},"branchMap":{"0":{"type":"branch","line":1,"loc":{"start":{"line":1,"column":0},"end":{"line":26,"column":-411}},"locations":[{"start":{"line":1,"column":0},"end":{"line":26,"column":-411}}]}},"b":{"0":[0]},"fnMap":{"0":{"name":"(empty-report)","decl":{"start":{"line":1,"column":0},"end":{"line":26,"column":-411}},"loc":{"start":{"line":1,"column":0},"end":{"line":26,"column":-411}},"line":1}},"f":{"0":0}}
,"/Users/chaycao/workspace/oddeNova/scripts/run-agent-testcases.ts": {"path":"/Users/chaycao/workspace/oddeNova/scripts/run-agent-testcases.ts","all":true,"statementMap":{"0":{"start":{"line":1,"column":0},"end":{"line":1,"column":3}},"6":{"start":{"line":7,"column":0},"end":{"line":7,"column":42}},"7":{"start":{"line":8,"column":0},"end":{"line":8,"column":30}},"8":{"start":{"line":9,"column":0},"end":{"line":9,"column":34}},"9":{"start":{"line":10,"column":0},"end":{"line":10,"column":41}},"11":{"start":{"line":12,"column":0},"end":{"line":12,"column":63}},"12":{"start":{"line":13,"column":0},"end":{"line":13,"column":43}},"18":{"start":{"line":19,"column":0},"end":{"line":19,"column":96}},"19":{"start":{"line":20,"column":0},"end":{"line":20,"column":85}},"20":{"start":{"line":21,"column":0},"end":{"line":21,"column":77}},"22":{"start":{"line":23,"column":0},"end":{"line":23,"column":30}},"23":{"start":{"line":24,"column":0},"end":{"line":24,"column":28}},"24":{"start":{"line":25,"column":0},"end":{"line":25,"column":30}},"25":{"start":{"line":26,"column":0},"end":{"line":26,"column":32}},"26":{"start":{"line":27,"column":0},"end":{"line":27,"column":67}},"27":{"start":{"line":28,"column":0},"end":{"line":28,"column":3}},"34":{"start":{"line":35,"column":0},"end":{"line":35,"column":110}},"35":{"start":{"line":36,"column":0},"end":{"line":36,"column":63}},"36":{"start":{"line":37,"column":0},"end":{"line":37,"column":60}},"37":{"start":{"line":38,"column":0},"end":{"line":38,"column":80}},"38":{"start":{"line":39,"column":0},"end":{"line":39,"column":97}},"39":{"start":{"line":40,"column":0},"end":{"line":40,"column":93}},"40":{"start":{"line":41,"column":0},"end":{"line":41,"column":77}},"41":{"start":{"line":42,"column":0},"end":{"line":42,"column":79}},"42":{"start":{"line":43,"column":0},"end":{"line":43,"column":80}},"43":{"start":{"line":44,"column":0},"end":{"line":44,"column":12}},"44":{"start":{"line":45,"column":0},"end":{"line":45,"column":1}},"45":{"start":{"line":46,"column":0},"end":{"line":46,"column":67}},"46":{"start":{"line":47,"column":0},"end":{"line":47,"column":43}},"47":{"start":{"line":48,"column":0},"end":{"line":48,"column":47}},"48":{"start":{"line":49,"column":0},"end":{"line":49,"column":35}},"49":{"start":{"line":50,"column":0},"end":{"line":50,"column":42}},"50":{"start":{"line":51,"column":0},"end":{"line":51,"column":29}},"51":{"start":{"line":52,"column":0},"end":{"line":52,"column":23}},"52":{"start":{"line":53,"column":0},"end":{"line":53,"column":56}},"53":{"start":{"line":54,"column":0},"end":{"line":54,"column":92}},"54":{"start":{"line":55,"column":0},"end":{"line":55,"column":3}},"55":{"start":{"line":56,"column":0},"end":{"line":56,"column":12}},"56":{"start":{"line":57,"column":0},"end":{"line":57,"column":1}},"57":{"start":{"line":58,"column":0},"end":{"line":58,"column":69}},"58":{"start":{"line":59,"column":0},"end":{"line":59,"column":43}},"59":{"start":{"line":60,"column":0},"end":{"line":60,"column":41}},"60":{"start":{"line":61,"column":0},"end":{"line":61,"column":35}},"61":{"start":{"line":62,"column":0},"end":{"line":62,"column":42}},"62":{"start":{"line":63,"column":0},"end":{"line":63,"column":29}},"63":{"start":{"line":64,"column":0},"end":{"line":64,"column":23}},"64":{"start":{"line":65,"column":0},"end":{"line":65,"column":70}},"65":{"start":{"line":66,"column":0},"end":{"line":66,"column":70}},"66":{"start":{"line":67,"column":0},"end":{"line":67,"column":71}},"67":{"start":{"line":68,"column":0},"end":{"line":68,"column":46}},"68":{"start":{"line":69,"column":0},"end":{"line":69,"column":45}},"69":{"start":{"line":70,"column":0},"end":{"line":70,"column":88}},"70":{"start":{"line":71,"column":0},"end":{"line":71,"column":5}},"71":{"start":{"line":72,"column":0},"end":{"line":72,"column":3}},"72":{"start":{"line":73,"column":0},"end":{"line":73,"column":12}},"73":{"start":{"line":74,"column":0},"end":{"line":74,"column":1}},"74":{"start":{"line":75,"column":0},"end":{"line":75,"column":78}},"75":{"start":{"line":76,"column":0},"end":{"line":76,"column":113}},"76":{"start":{"line":77,"column":0},"end":{"line":77,"column":41}},"77":{"start":{"line":78,"column":0},"end":{"line":78,"column":35}},"78":{"start":{"line":79,"column":0},"end":{"line":79,"column":42}},"79":{"start":{"line":80,"column":0},"end":{"line":80,"column":29}},"80":{"start":{"line":81,"column":0},"end":{"line":81,"column":23}},"81":{"start":{"line":82,"column":0},"end":{"line":82,"column":56}},"82":{"start":{"line":83,"column":0},"end":{"line":83,"column":61}},"83":{"start":{"line":84,"column":0},"end":{"line":84,"column":102}},"84":{"start":{"line":85,"column":0},"end":{"line":85,"column":3}},"85":{"start":{"line":86,"column":0},"end":{"line":86,"column":80}},"86":{"start":{"line":87,"column":0},"end":{"line":87,"column":15}},"87":{"start":{"line":88,"column":0},"end":{"line":88,"column":1}},"88":{"start":{"line":89,"column":0},"end":{"line":89,"column":87}},"89":{"start":{"line":90,"column":0},"end":{"line":90,"column":28}},"90":{"start":{"line":91,"column":0},"end":{"line":91,"column":41}},"91":{"start":{"line":92,"column":0},"end":{"line":92,"column":35}},"92":{"start":{"line":93,"column":0},"end":{"line":93,"column":42}},"93":{"start":{"line":94,"column":0},"end":{"line":94,"column":29}},"94":{"start":{"line":95,"column":0},"end":{"line":95,"column":44}},"95":{"start":{"line":96,"column":0},"end":{"line":96,"column":46}},"96":{"start":{"line":97,"column":0},"end":{"line":97,"column":32}},"97":{"start":{"line":98,"column":0},"end":{"line":98,"column":49}},"98":{"start":{"line":99,"column":0},"end":{"line":99,"column":61}},"99":{"start":{"line":100,"column":0},"end":{"line":100,"column":44}},"100":{"start":{"line":101,"column":0},"end":{"line":101,"column":29}},"101":{"start":{"line":102,"column":0},"end":{"line":102,"column":50}},"102":{"start":{"line":103,"column":0},"end":{"line":103,"column":30}},"103":{"start":{"line":104,"column":0},"end":{"line":104,"column":55}},"104":{"start":{"line":105,"column":0},"end":{"line":105,"column":36}},"105":{"start":{"line":106,"column":0},"end":{"line":106,"column":31}},"106":{"start":{"line":107,"column":0},"end":{"line":107,"column":52}},"107":{"start":{"line":108,"column":0},"end":{"line":108,"column":5}},"108":{"start":{"line":109,"column":0},"end":{"line":109,"column":3}},"109":{"start":{"line":110,"column":0},"end":{"line":110,"column":14}},"110":{"start":{"line":111,"column":0},"end":{"line":111,"column":1}},"112":{"start":{"line":113,"column":0},"end":{"line":113,"column":69}},"120":{"start":{"line":121,"column":0},"end":{"line":121,"column":48}},"121":{"start":{"line":122,"column":0},"end":{"line":122,"column":168}},"122":{"start":{"line":123,"column":0},"end":{"line":123,"column":43}},"123":{"start":{"line":124,"column":0},"end":{"line":124,"column":34}},"124":{"start":{"line":125,"column":0},"end":{"line":125,"column":148}},"125":{"start":{"line":126,"column":0},"end":{"line":126,"column":54}},"126":{"start":{"line":127,"column":0},"end":{"line":127,"column":22}},"127":{"start":{"line":128,"column":0},"end":{"line":128,"column":67}},"128":{"start":{"line":129,"column":0},"end":{"line":129,"column":24}},"129":{"start":{"line":130,"column":0},"end":{"line":130,"column":58}},"130":{"start":{"line":131,"column":0},"end":{"line":131,"column":25}},"131":{"start":{"line":132,"column":0},"end":{"line":132,"column":132}},"132":{"start":{"line":133,"column":0},"end":{"line":133,"column":80}},"133":{"start":{"line":134,"column":0},"end":{"line":134,"column":52}},"134":{"start":{"line":135,"column":0},"end":{"line":135,"column":24}},"135":{"start":{"line":136,"column":0},"end":{"line":136,"column":35}},"136":{"start":{"line":137,"column":0},"end":{"line":137,"column":63}},"137":{"start":{"line":138,"column":0},"end":{"line":138,"column":40}},"138":{"start":{"line":139,"column":0},"end":{"line":139,"column":56}},"139":{"start":{"line":140,"column":0},"end":{"line":140,"column":51}},"140":{"start":{"line":141,"column":0},"end":{"line":141,"column":89}},"141":{"start":{"line":142,"column":0},"end":{"line":142,"column":69}},"142":{"start":{"line":143,"column":0},"end":{"line":143,"column":43}},"143":{"start":{"line":144,"column":0},"end":{"line":144,"column":154}},"144":{"start":{"line":145,"column":0},"end":{"line":145,"column":9}},"145":{"start":{"line":146,"column":0},"end":{"line":146,"column":7}},"146":{"start":{"line":147,"column":0},"end":{"line":147,"column":5}},"147":{"start":{"line":148,"column":0},"end":{"line":148,"column":3}},"148":{"start":{"line":149,"column":0},"end":{"line":149,"column":16}},"149":{"start":{"line":150,"column":0},"end":{"line":150,"column":1}},"150":{"start":{"line":151,"column":0},"end":{"line":151,"column":89}},"151":{"start":{"line":152,"column":0},"end":{"line":152,"column":45}},"152":{"start":{"line":153,"column":0},"end":{"line":153,"column":155}},"153":{"start":{"line":154,"column":0},"end":{"line":154,"column":1}},"162":{"start":{"line":163,"column":0},"end":{"line":163,"column":34}},"164":{"start":{"line":165,"column":0},"end":{"line":165,"column":94}},"165":{"start":{"line":166,"column":0},"end":{"line":166,"column":1}},"168":{"start":{"line":169,"column":0},"end":{"line":169,"column":122}},"169":{"start":{"line":170,"column":0},"end":{"line":170,"column":52}},"170":{"start":{"line":171,"column":0},"end":{"line":171,"column":44}},"171":{"start":{"line":172,"column":0},"end":{"line":172,"column":95}},"172":{"start":{"line":173,"column":0},"end":{"line":173,"column":1}},"173":{"start":{"line":174,"column":0},"end":{"line":174,"column":95}},"174":{"start":{"line":175,"column":0},"end":{"line":175,"column":56}},"175":{"start":{"line":176,"column":0},"end":{"line":176,"column":60}},"176":{"start":{"line":177,"column":0},"end":{"line":177,"column":43}},"177":{"start":{"line":178,"column":0},"end":{"line":178,"column":1}},"178":{"start":{"line":179,"column":0},"end":{"line":179,"column":124}},"179":{"start":{"line":180,"column":0},"end":{"line":180,"column":81}},"180":{"start":{"line":181,"column":0},"end":{"line":181,"column":33}},"181":{"start":{"line":182,"column":0},"end":{"line":182,"column":111}},"182":{"start":{"line":183,"column":0},"end":{"line":183,"column":119}},"183":{"start":{"line":184,"column":0},"end":{"line":184,"column":55}},"184":{"start":{"line":185,"column":0},"end":{"line":185,"column":78}},"185":{"start":{"line":186,"column":0},"end":{"line":186,"column":64}},"186":{"start":{"line":187,"column":0},"end":{"line":187,"column":1}},"187":{"start":{"line":188,"column":0},"end":{"line":188,"column":70}},"188":{"start":{"line":189,"column":0},"end":{"line":189,"column":65}},"189":{"start":{"line":190,"column":0},"end":{"line":190,"column":79}},"190":{"start":{"line":191,"column":0},"end":{"line":191,"column":97}},"191":{"start":{"line":192,"column":0},"end":{"line":192,"column":1}},"193":{"start":{"line":194,"column":0},"end":{"line":194,"column":15}},"194":{"start":{"line":195,"column":0},"end":{"line":195,"column":3}},"195":{"start":{"line":196,"column":0},"end":{"line":196,"column":100}},"196":{"start":{"line":197,"column":0},"end":{"line":197,"column":65}},"197":{"start":{"line":198,"column":0},"end":{"line":198,"column":80}},"198":{"start":{"line":199,"column":0},"end":{"line":199,"column":47}},"199":{"start":{"line":200,"column":0},"end":{"line":200,"column":84}},"200":{"start":{"line":201,"column":0},"end":{"line":201,"column":6}},"201":{"start":{"line":202,"column":0},"end":{"line":202,"column":4}},"202":{"start":{"line":203,"column":0},"end":{"line":203,"column":3}},"203":{"start":{"line":204,"column":0},"end":{"line":204,"column":143}},"204":{"start":{"line":205,"column":0},"end":{"line":205,"column":250}},"205":{"start":{"line":206,"column":0},"end":{"line":206,"column":79}},"206":{"start":{"line":207,"column":0},"end":{"line":207,"column":103}},"207":{"start":{"line":208,"column":0},"end":{"line":208,"column":103}},"208":{"start":{"line":209,"column":0},"end":{"line":209,"column":60}},"209":{"start":{"line":210,"column":0},"end":{"line":210,"column":142}},"210":{"start":{"line":211,"column":0},"end":{"line":211,"column":105}},"211":{"start":{"line":212,"column":0},"end":{"line":212,"column":53}},"212":{"start":{"line":213,"column":0},"end":{"line":213,"column":88}},"213":{"start":{"line":214,"column":0},"end":{"line":214,"column":6}},"214":{"start":{"line":215,"column":0},"end":{"line":215,"column":4}},"215":{"start":{"line":216,"column":0},"end":{"line":216,"column":3}},"216":{"start":{"line":217,"column":0},"end":{"line":217,"column":59}},"217":{"start":{"line":218,"column":0},"end":{"line":218,"column":121}},"218":{"start":{"line":219,"column":0},"end":{"line":219,"column":79}},"219":{"start":{"line":220,"column":0},"end":{"line":220,"column":43}},"220":{"start":{"line":221,"column":0},"end":{"line":221,"column":58}},"221":{"start":{"line":222,"column":0},"end":{"line":222,"column":60}},"222":{"start":{"line":223,"column":0},"end":{"line":223,"column":59}},"223":{"start":{"line":224,"column":0},"end":{"line":224,"column":70}},"224":{"start":{"line":225,"column":0},"end":{"line":225,"column":59}},"225":{"start":{"line":226,"column":0},"end":{"line":226,"column":53}},"226":{"start":{"line":227,"column":0},"end":{"line":227,"column":88}},"227":{"start":{"line":228,"column":0},"end":{"line":228,"column":6}},"228":{"start":{"line":229,"column":0},"end":{"line":229,"column":4}},"229":{"start":{"line":230,"column":0},"end":{"line":230,"column":3}},"230":{"start":{"line":231,"column":0},"end":{"line":231,"column":59}},"231":{"start":{"line":232,"column":0},"end":{"line":232,"column":186}},"232":{"start":{"line":233,"column":0},"end":{"line":233,"column":79}},"233":{"start":{"line":234,"column":0},"end":{"line":234,"column":43}},"234":{"start":{"line":235,"column":0},"end":{"line":235,"column":58}},"235":{"start":{"line":236,"column":0},"end":{"line":236,"column":115}},"236":{"start":{"line":237,"column":0},"end":{"line":237,"column":60}},"237":{"start":{"line":238,"column":0},"end":{"line":238,"column":59}},"238":{"start":{"line":239,"column":0},"end":{"line":239,"column":70}},"239":{"start":{"line":240,"column":0},"end":{"line":240,"column":104}},"240":{"start":{"line":241,"column":0},"end":{"line":241,"column":53}},"241":{"start":{"line":242,"column":0},"end":{"line":242,"column":58}},"242":{"start":{"line":243,"column":0},"end":{"line":243,"column":6}},"243":{"start":{"line":244,"column":0},"end":{"line":244,"column":4}},"244":{"start":{"line":245,"column":0},"end":{"line":245,"column":3}},"245":{"start":{"line":246,"column":0},"end":{"line":246,"column":92}},"246":{"start":{"line":247,"column":0},"end":{"line":247,"column":188}},"247":{"start":{"line":248,"column":0},"end":{"line":248,"column":79}},"248":{"start":{"line":249,"column":0},"end":{"line":249,"column":49}},"249":{"start":{"line":250,"column":0},"end":{"line":250,"column":52}},"250":{"start":{"line":251,"column":0},"end":{"line":251,"column":82}},"251":{"start":{"line":252,"column":0},"end":{"line":252,"column":60}},"252":{"start":{"line":253,"column":0},"end":{"line":253,"column":64}},"253":{"start":{"line":254,"column":0},"end":{"line":254,"column":75}},"254":{"start":{"line":255,"column":0},"end":{"line":255,"column":113}},"255":{"start":{"line":256,"column":0},"end":{"line":256,"column":53}},"256":{"start":{"line":257,"column":0},"end":{"line":257,"column":58}},"257":{"start":{"line":258,"column":0},"end":{"line":258,"column":6}},"258":{"start":{"line":259,"column":0},"end":{"line":259,"column":4}},"259":{"start":{"line":260,"column":0},"end":{"line":260,"column":3}},"260":{"start":{"line":261,"column":0},"end":{"line":261,"column":88}},"261":{"start":{"line":262,"column":0},"end":{"line":262,"column":137}},"262":{"start":{"line":263,"column":0},"end":{"line":263,"column":79}},"263":{"start":{"line":264,"column":0},"end":{"line":264,"column":35}},"264":{"start":{"line":265,"column":0},"end":{"line":265,"column":79}},"265":{"start":{"line":266,"column":0},"end":{"line":266,"column":32}},"266":{"start":{"line":267,"column":0},"end":{"line":267,"column":60}},"267":{"start":{"line":268,"column":0},"end":{"line":268,"column":55}},"268":{"start":{"line":269,"column":0},"end":{"line":269,"column":91}},"269":{"start":{"line":270,"column":0},"end":{"line":270,"column":6}},"270":{"start":{"line":271,"column":0},"end":{"line":271,"column":4}},"271":{"start":{"line":272,"column":0},"end":{"line":272,"column":3}},"272":{"start":{"line":273,"column":0},"end":{"line":273,"column":130}},"273":{"start":{"line":274,"column":0},"end":{"line":274,"column":137}},"274":{"start":{"line":275,"column":0},"end":{"line":275,"column":79}},"275":{"start":{"line":276,"column":0},"end":{"line":276,"column":120}},"276":{"start":{"line":277,"column":0},"end":{"line":277,"column":40}},"277":{"start":{"line":278,"column":0},"end":{"line":278,"column":109}},"278":{"start":{"line":279,"column":0},"end":{"line":279,"column":6}},"279":{"start":{"line":280,"column":0},"end":{"line":280,"column":4}},"280":{"start":{"line":281,"column":0},"end":{"line":281,"column":3}},"281":{"start":{"line":282,"column":0},"end":{"line":282,"column":121}},"282":{"start":{"line":283,"column":0},"end":{"line":283,"column":537}},"283":{"start":{"line":284,"column":0},"end":{"line":284,"column":94}},"284":{"start":{"line":285,"column":0},"end":{"line":285,"column":50}},"285":{"start":{"line":286,"column":0},"end":{"line":286,"column":52}},"286":{"start":{"line":287,"column":0},"end":{"line":287,"column":71}},"287":{"start":{"line":288,"column":0},"end":{"line":288,"column":52}},"288":{"start":{"line":289,"column":0},"end":{"line":289,"column":58}},"289":{"start":{"line":290,"column":0},"end":{"line":290,"column":11}},"290":{"start":{"line":291,"column":0},"end":{"line":291,"column":99}},"291":{"start":{"line":292,"column":0},"end":{"line":292,"column":66}},"292":{"start":{"line":293,"column":0},"end":{"line":293,"column":28}},"293":{"start":{"line":294,"column":0},"end":{"line":294,"column":99}},"294":{"start":{"line":295,"column":0},"end":{"line":295,"column":7}},"295":{"start":{"line":296,"column":0},"end":{"line":296,"column":6}},"296":{"start":{"line":297,"column":0},"end":{"line":297,"column":4}},"297":{"start":{"line":298,"column":0},"end":{"line":298,"column":3}},"298":{"start":{"line":299,"column":0},"end":{"line":299,"column":87}},"299":{"start":{"line":300,"column":0},"end":{"line":300,"column":198}},"300":{"start":{"line":301,"column":0},"end":{"line":301,"column":79}},"301":{"start":{"line":302,"column":0},"end":{"line":302,"column":120}},"302":{"start":{"line":303,"column":0},"end":{"line":303,"column":35}},"303":{"start":{"line":304,"column":0},"end":{"line":304,"column":6}},"304":{"start":{"line":305,"column":0},"end":{"line":305,"column":4}},"305":{"start":{"line":306,"column":0},"end":{"line":306,"column":2}},"307":{"start":{"line":308,"column":0},"end":{"line":308,"column":27}},"308":{"start":{"line":309,"column":0},"end":{"line":309,"column":141}},"309":{"start":{"line":310,"column":0},"end":{"line":310,"column":1}},"310":{"start":{"line":311,"column":0},"end":{"line":311,"column":78}},"316":{"start":{"line":317,"column":0},"end":{"line":317,"column":28}},"317":{"start":{"line":318,"column":0},"end":{"line":318,"column":36}},"318":{"start":{"line":319,"column":0},"end":{"line":319,"column":154}},"319":{"start":{"line":320,"column":0},"end":{"line":320,"column":151}},"320":{"start":{"line":321,"column":0},"end":{"line":321,"column":98}},"321":{"start":{"line":322,"column":0},"end":{"line":322,"column":130}},"322":{"start":{"line":323,"column":0},"end":{"line":323,"column":166}},"323":{"start":{"line":324,"column":0},"end":{"line":324,"column":259}},"324":{"start":{"line":325,"column":0},"end":{"line":325,"column":195}},"325":{"start":{"line":326,"column":0},"end":{"line":326,"column":166}},"326":{"start":{"line":327,"column":0},"end":{"line":327,"column":277}},"327":{"start":{"line":328,"column":0},"end":{"line":328,"column":132}},"328":{"start":{"line":329,"column":0},"end":{"line":329,"column":13}},"330":{"start":{"line":331,"column":0},"end":{"line":331,"column":29}},"331":{"start":{"line":332,"column":0},"end":{"line":332,"column":183}},"332":{"start":{"line":333,"column":0},"end":{"line":333,"column":5}},"333":{"start":{"line":334,"column":0},"end":{"line":334,"column":21}},"334":{"start":{"line":335,"column":0},"end":{"line":335,"column":103}},"335":{"start":{"line":336,"column":0},"end":{"line":336,"column":174}},"336":{"start":{"line":337,"column":0},"end":{"line":337,"column":458}},"337":{"start":{"line":338,"column":0},"end":{"line":338,"column":101}},"338":{"start":{"line":339,"column":0},"end":{"line":339,"column":5}},"339":{"start":{"line":340,"column":0},"end":{"line":340,"column":22}},"340":{"start":{"line":341,"column":0},"end":{"line":341,"column":341}},"341":{"start":{"line":342,"column":0},"end":{"line":342,"column":316}},"342":{"start":{"line":343,"column":0},"end":{"line":343,"column":81}},"343":{"start":{"line":344,"column":0},"end":{"line":344,"column":5}},"344":{"start":{"line":345,"column":0},"end":{"line":345,"column":81}},"345":{"start":{"line":346,"column":0},"end":{"line":346,"column":183}},"346":{"start":{"line":347,"column":0},"end":{"line":347,"column":203}},"347":{"start":{"line":348,"column":0},"end":{"line":348,"column":212}},"348":{"start":{"line":349,"column":0},"end":{"line":349,"column":217}},"349":{"start":{"line":350,"column":0},"end":{"line":350,"column":142}},"350":{"start":{"line":351,"column":0},"end":{"line":351,"column":5}},"351":{"start":{"line":352,"column":0},"end":{"line":352,"column":24}},"352":{"start":{"line":353,"column":0},"end":{"line":353,"column":99}},"353":{"start":{"line":354,"column":0},"end":{"line":354,"column":133}},"354":{"start":{"line":355,"column":0},"end":{"line":355,"column":160}},"355":{"start":{"line":356,"column":0},"end":{"line":356,"column":187}},"356":{"start":{"line":357,"column":0},"end":{"line":357,"column":5}},"357":{"start":{"line":358,"column":0},"end":{"line":358,"column":20}},"358":{"start":{"line":359,"column":0},"end":{"line":359,"column":191}},"359":{"start":{"line":360,"column":0},"end":{"line":360,"column":5}},"360":{"start":{"line":361,"column":0},"end":{"line":361,"column":21}},"361":{"start":{"line":362,"column":0},"end":{"line":362,"column":5}},"362":{"start":{"line":363,"column":0},"end":{"line":363,"column":27}},"363":{"start":{"line":364,"column":0},"end":{"line":364,"column":67}},"364":{"start":{"line":365,"column":0},"end":{"line":365,"column":40}},"365":{"start":{"line":366,"column":0},"end":{"line":366,"column":73}},"366":{"start":{"line":367,"column":0},"end":{"line":367,"column":5}},"367":{"start":{"line":368,"column":0},"end":{"line":368,"column":40}},"368":{"start":{"line":369,"column":0},"end":{"line":369,"column":117}},"369":{"start":{"line":370,"column":0},"end":{"line":370,"column":99}},"370":{"start":{"line":371,"column":0},"end":{"line":371,"column":107}},"371":{"start":{"line":372,"column":0},"end":{"line":372,"column":104}},"372":{"start":{"line":373,"column":0},"end":{"line":373,"column":140}},"373":{"start":{"line":374,"column":0},"end":{"line":374,"column":125}},"374":{"start":{"line":375,"column":0},"end":{"line":375,"column":5}},"375":{"start":{"line":376,"column":0},"end":{"line":376,"column":13}},"376":{"start":{"line":377,"column":0},"end":{"line":377,"column":245}},"377":{"start":{"line":378,"column":0},"end":{"line":378,"column":195}},"378":{"start":{"line":379,"column":0},"end":{"line":379,"column":43}},"379":{"start":{"line":380,"column":0},"end":{"line":380,"column":82}},"380":{"start":{"line":381,"column":0},"end":{"line":381,"column":102}},"381":{"start":{"line":382,"column":0},"end":{"line":382,"column":104}},"382":{"start":{"line":383,"column":0},"end":{"line":383,"column":94}},"383":{"start":{"line":384,"column":0},"end":{"line":384,"column":13}},"385":{"start":{"line":386,"column":0},"end":{"line":386,"column":33}},"386":{"start":{"line":387,"column":0},"end":{"line":387,"column":99}},"387":{"start":{"line":388,"column":0},"end":{"line":388,"column":5}},"388":{"start":{"line":389,"column":0},"end":{"line":389,"column":23}},"389":{"start":{"line":390,"column":0},"end":{"line":390,"column":50}},"390":{"start":{"line":391,"column":0},"end":{"line":391,"column":83}},"391":{"start":{"line":392,"column":0},"end":{"line":392,"column":170}},"392":{"start":{"line":393,"column":0},"end":{"line":393,"column":51}},"393":{"start":{"line":394,"column":0},"end":{"line":394,"column":72}},"394":{"start":{"line":395,"column":0},"end":{"line":395,"column":5}},"395":{"start":{"line":396,"column":0},"end":{"line":396,"column":456}},"396":{"start":{"line":397,"column":0},"end":{"line":397,"column":5}},"397":{"start":{"line":398,"column":0},"end":{"line":398,"column":45}},"398":{"start":{"line":399,"column":0},"end":{"line":399,"column":5}},"399":{"start":{"line":400,"column":0},"end":{"line":400,"column":55}},"400":{"start":{"line":401,"column":0},"end":{"line":401,"column":133}},"401":{"start":{"line":402,"column":0},"end":{"line":402,"column":166}},"402":{"start":{"line":403,"column":0},"end":{"line":403,"column":151}},"403":{"start":{"line":404,"column":0},"end":{"line":404,"column":5}},"404":{"start":{"line":405,"column":0},"end":{"line":405,"column":11}},"405":{"start":{"line":406,"column":0},"end":{"line":406,"column":123}},"406":{"start":{"line":407,"column":0},"end":{"line":407,"column":120}},"407":{"start":{"line":408,"column":0},"end":{"line":408,"column":309}},"408":{"start":{"line":409,"column":0},"end":{"line":409,"column":13}},"421":{"start":{"line":422,"column":0},"end":{"line":422,"column":102}},"422":{"start":{"line":423,"column":0},"end":{"line":423,"column":18}},"423":{"start":{"line":424,"column":0},"end":{"line":424,"column":43}},"424":{"start":{"line":425,"column":0},"end":{"line":425,"column":27}},"425":{"start":{"line":426,"column":0},"end":{"line":426,"column":71}},"426":{"start":{"line":427,"column":0},"end":{"line":427,"column":99}},"427":{"start":{"line":428,"column":0},"end":{"line":428,"column":79}},"428":{"start":{"line":429,"column":0},"end":{"line":429,"column":35}},"429":{"start":{"line":430,"column":0},"end":{"line":430,"column":55}},"430":{"start":{"line":431,"column":0},"end":{"line":431,"column":71}},"431":{"start":{"line":432,"column":0},"end":{"line":432,"column":56}},"432":{"start":{"line":433,"column":0},"end":{"line":433,"column":42}},"433":{"start":{"line":434,"column":0},"end":{"line":434,"column":50}},"434":{"start":{"line":435,"column":0},"end":{"line":435,"column":180}},"435":{"start":{"line":436,"column":0},"end":{"line":436,"column":86}},"436":{"start":{"line":437,"column":0},"end":{"line":437,"column":9}},"437":{"start":{"line":438,"column":0},"end":{"line":438,"column":7}},"438":{"start":{"line":439,"column":0},"end":{"line":439,"column":40}},"439":{"start":{"line":440,"column":0},"end":{"line":440,"column":65}},"440":{"start":{"line":441,"column":0},"end":{"line":441,"column":5}},"441":{"start":{"line":442,"column":0},"end":{"line":442,"column":30}},"442":{"start":{"line":443,"column":0},"end":{"line":443,"column":122}},"443":{"start":{"line":444,"column":0},"end":{"line":444,"column":39}},"444":{"start":{"line":445,"column":0},"end":{"line":445,"column":72}},"445":{"start":{"line":446,"column":0},"end":{"line":446,"column":68}},"446":{"start":{"line":447,"column":0},"end":{"line":447,"column":14}},"447":{"start":{"line":448,"column":0},"end":{"line":448,"column":53}},"448":{"start":{"line":449,"column":0},"end":{"line":449,"column":7}},"449":{"start":{"line":450,"column":0},"end":{"line":450,"column":5}},"450":{"start":{"line":451,"column":0},"end":{"line":451,"column":3}},"451":{"start":{"line":452,"column":0},"end":{"line":452,"column":35}},"452":{"start":{"line":453,"column":0},"end":{"line":453,"column":1}},"454":{"start":{"line":455,"column":0},"end":{"line":455,"column":86}},"455":{"start":{"line":456,"column":0},"end":{"line":456,"column":162}},"456":{"start":{"line":457,"column":0},"end":{"line":457,"column":1}},"458":{"start":{"line":459,"column":0},"end":{"line":459,"column":61}},"459":{"start":{"line":460,"column":0},"end":{"line":460,"column":25}},"460":{"start":{"line":461,"column":0},"end":{"line":461,"column":159}},"461":{"start":{"line":462,"column":0},"end":{"line":462,"column":70}},"462":{"start":{"line":463,"column":0},"end":{"line":463,"column":186}},"463":{"start":{"line":464,"column":0},"end":{"line":464,"column":63}},"464":{"start":{"line":465,"column":0},"end":{"line":465,"column":130}},"465":{"start":{"line":466,"column":0},"end":{"line":466,"column":80}},"466":{"start":{"line":467,"column":0},"end":{"line":467,"column":67}},"467":{"start":{"line":468,"column":0},"end":{"line":468,"column":30}},"468":{"start":{"line":469,"column":0},"end":{"line":469,"column":129}},"469":{"start":{"line":470,"column":0},"end":{"line":470,"column":14}},"470":{"start":{"line":471,"column":0},"end":{"line":471,"column":1}},"472":{"start":{"line":473,"column":0},"end":{"line":473,"column":53}},"473":{"start":{"line":474,"column":0},"end":{"line":474,"column":56}},"474":{"start":{"line":475,"column":0},"end":{"line":475,"column":28}},"475":{"start":{"line":476,"column":0},"end":{"line":476,"column":64}},"476":{"start":{"line":477,"column":0},"end":{"line":477,"column":83}},"477":{"start":{"line":478,"column":0},"end":{"line":478,"column":71}},"478":{"start":{"line":479,"column":0},"end":{"line":479,"column":42}},"479":{"start":{"line":480,"column":0},"end":{"line":480,"column":2}},"481":{"start":{"line":482,"column":0},"end":{"line":482,"column":135}},"482":{"start":{"line":483,"column":0},"end":{"line":483,"column":241}},"483":{"start":{"line":484,"column":0},"end":{"line":484,"column":7}},"484":{"start":{"line":485,"column":0},"end":{"line":485,"column":47}},"485":{"start":{"line":486,"column":0},"end":{"line":486,"column":62}},"486":{"start":{"line":487,"column":0},"end":{"line":487,"column":56}},"487":{"start":{"line":488,"column":0},"end":{"line":488,"column":40}},"488":{"start":{"line":489,"column":0},"end":{"line":489,"column":7}},"489":{"start":{"line":490,"column":0},"end":{"line":490,"column":117}},"490":{"start":{"line":491,"column":0},"end":{"line":491,"column":48}},"491":{"start":{"line":492,"column":0},"end":{"line":492,"column":32}},"492":{"start":{"line":493,"column":0},"end":{"line":493,"column":58}},"493":{"start":{"line":494,"column":0},"end":{"line":494,"column":64}},"494":{"start":{"line":495,"column":0},"end":{"line":495,"column":1}},"500":{"start":{"line":501,"column":0},"end":{"line":501,"column":98}},"501":{"start":{"line":502,"column":0},"end":{"line":502,"column":58}},"502":{"start":{"line":503,"column":0},"end":{"line":503,"column":51}},"503":{"start":{"line":504,"column":0},"end":{"line":504,"column":33}},"504":{"start":{"line":505,"column":0},"end":{"line":505,"column":31}},"505":{"start":{"line":506,"column":0},"end":{"line":506,"column":53}},"506":{"start":{"line":507,"column":0},"end":{"line":507,"column":54}},"507":{"start":{"line":508,"column":0},"end":{"line":508,"column":4}},"509":{"start":{"line":510,"column":0},"end":{"line":510,"column":22}},"510":{"start":{"line":511,"column":0},"end":{"line":511,"column":23}},"512":{"start":{"line":513,"column":0},"end":{"line":513,"column":38}},"513":{"start":{"line":514,"column":0},"end":{"line":514,"column":69}},"514":{"start":{"line":515,"column":0},"end":{"line":515,"column":51}},"515":{"start":{"line":516,"column":0},"end":{"line":516,"column":54}},"516":{"start":{"line":517,"column":0},"end":{"line":517,"column":69}},"517":{"start":{"line":518,"column":0},"end":{"line":518,"column":7}},"519":{"start":{"line":520,"column":0},"end":{"line":520,"column":18}},"520":{"start":{"line":521,"column":0},"end":{"line":521,"column":76}},"521":{"start":{"line":522,"column":0},"end":{"line":522,"column":43}},"522":{"start":{"line":523,"column":0},"end":{"line":523,"column":52}},"523":{"start":{"line":524,"column":0},"end":{"line":524,"column":139}},"524":{"start":{"line":525,"column":0},"end":{"line":525,"column":5}},"525":{"start":{"line":526,"column":0},"end":{"line":526,"column":111}},"527":{"start":{"line":528,"column":0},"end":{"line":528,"column":35}},"528":{"start":{"line":529,"column":0},"end":{"line":529,"column":24}},"529":{"start":{"line":530,"column":0},"end":{"line":530,"column":28}},"530":{"start":{"line":531,"column":0},"end":{"line":531,"column":173}},"531":{"start":{"line":532,"column":0},"end":{"line":532,"column":6}},"532":{"start":{"line":533,"column":0},"end":{"line":533,"column":32}},"534":{"start":{"line":535,"column":0},"end":{"line":535,"column":33}},"536":{"start":{"line":537,"column":0},"end":{"line":537,"column":12}},"537":{"start":{"line":538,"column":0},"end":{"line":538,"column":5}},"539":{"start":{"line":540,"column":0},"end":{"line":540,"column":33}},"540":{"start":{"line":541,"column":0},"end":{"line":541,"column":78}},"541":{"start":{"line":542,"column":0},"end":{"line":542,"column":37}},"542":{"start":{"line":543,"column":0},"end":{"line":543,"column":18}},"543":{"start":{"line":544,"column":0},"end":{"line":544,"column":131}},"544":{"start":{"line":545,"column":0},"end":{"line":545,"column":17}},"545":{"start":{"line":546,"column":0},"end":{"line":546,"column":7}},"546":{"start":{"line":547,"column":0},"end":{"line":547,"column":51}},"547":{"start":{"line":548,"column":0},"end":{"line":548,"column":164}},"548":{"start":{"line":549,"column":0},"end":{"line":549,"column":11}},"549":{"start":{"line":550,"column":0},"end":{"line":550,"column":145}},"550":{"start":{"line":551,"column":0},"end":{"line":551,"column":94}},"551":{"start":{"line":552,"column":0},"end":{"line":552,"column":19}},"552":{"start":{"line":553,"column":0},"end":{"line":553,"column":40}},"553":{"start":{"line":554,"column":0},"end":{"line":554,"column":35}},"554":{"start":{"line":555,"column":0},"end":{"line":555,"column":47}},"555":{"start":{"line":556,"column":0},"end":{"line":556,"column":9}},"556":{"start":{"line":557,"column":0},"end":{"line":557,"column":152}},"557":{"start":{"line":558,"column":0},"end":{"line":558,"column":7}},"558":{"start":{"line":559,"column":0},"end":{"line":559,"column":5}},"559":{"start":{"line":560,"column":0},"end":{"line":560,"column":3}},"561":{"start":{"line":562,"column":0},"end":{"line":562,"column":56}},"562":{"start":{"line":563,"column":0},"end":{"line":563,"column":1}},"568":{"start":{"line":569,"column":0},"end":{"line":569,"column":20}},"569":{"start":{"line":570,"column":0},"end":{"line":570,"column":223}},"570":{"start":{"line":571,"column":0},"end":{"line":571,"column":110}},"571":{"start":{"line":572,"column":0},"end":{"line":572,"column":230}},"572":{"start":{"line":573,"column":0},"end":{"line":573,"column":104}},"573":{"start":{"line":574,"column":0},"end":{"line":574,"column":82}},"574":{"start":{"line":575,"column":0},"end":{"line":575,"column":90}},"575":{"start":{"line":576,"column":0},"end":{"line":576,"column":83}},"576":{"start":{"line":577,"column":0},"end":{"line":577,"column":75}},"577":{"start":{"line":578,"column":0},"end":{"line":578,"column":74}},"578":{"start":{"line":579,"column":0},"end":{"line":579,"column":79}},"579":{"start":{"line":580,"column":0},"end":{"line":580,"column":71}},"580":{"start":{"line":581,"column":0},"end":{"line":581,"column":103}},"581":{"start":{"line":582,"column":0},"end":{"line":582,"column":146}},"582":{"start":{"line":583,"column":0},"end":{"line":583,"column":128}},"583":{"start":{"line":584,"column":0},"end":{"line":584,"column":115}},"584":{"start":{"line":585,"column":0},"end":{"line":585,"column":58}},"585":{"start":{"line":586,"column":0},"end":{"line":586,"column":60}},"586":{"start":{"line":587,"column":0},"end":{"line":587,"column":56}},"587":{"start":{"line":588,"column":0},"end":{"line":588,"column":2}},"593":{"start":{"line":594,"column":0},"end":{"line":594,"column":23}},"594":{"start":{"line":595,"column":0},"end":{"line":595,"column":109}},"596":{"start":{"line":597,"column":0},"end":{"line":597,"column":32}},"597":{"start":{"line":598,"column":0},"end":{"line":598,"column":39}},"598":{"start":{"line":599,"column":0},"end":{"line":599,"column":43}},"599":{"start":{"line":600,"column":0},"end":{"line":600,"column":58}},"600":{"start":{"line":601,"column":0},"end":{"line":601,"column":9}},"601":{"start":{"line":602,"column":0},"end":{"line":602,"column":66}},"602":{"start":{"line":603,"column":0},"end":{"line":603,"column":49}},"603":{"start":{"line":604,"column":0},"end":{"line":604,"column":54}},"604":{"start":{"line":605,"column":0},"end":{"line":605,"column":17}},"605":{"start":{"line":606,"column":0},"end":{"line":606,"column":34}},"606":{"start":{"line":607,"column":0},"end":{"line":607,"column":73}},"607":{"start":{"line":608,"column":0},"end":{"line":608,"column":5}},"608":{"start":{"line":609,"column":0},"end":{"line":609,"column":3}},"611":{"start":{"line":612,"column":0},"end":{"line":612,"column":28}},"612":{"start":{"line":613,"column":0},"end":{"line":613,"column":27}},"613":{"start":{"line":614,"column":0},"end":{"line":614,"column":30}},"614":{"start":{"line":615,"column":0},"end":{"line":615,"column":7}},"615":{"start":{"line":616,"column":0},"end":{"line":616,"column":63}},"616":{"start":{"line":617,"column":0},"end":{"line":617,"column":75}},"617":{"start":{"line":618,"column":0},"end":{"line":618,"column":7}},"618":{"start":{"line":619,"column":0},"end":{"line":619,"column":12}},"619":{"start":{"line":620,"column":0},"end":{"line":620,"column":7}},"620":{"start":{"line":621,"column":0},"end":{"line":621,"column":4}},"621":{"start":{"line":622,"column":0},"end":{"line":622,"column":28}},"622":{"start":{"line":623,"column":0},"end":{"line":623,"column":66}},"623":{"start":{"line":624,"column":0},"end":{"line":624,"column":3}},"624":{"start":{"line":625,"column":0},"end":{"line":625,"column":17}},"625":{"start":{"line":626,"column":0},"end":{"line":626,"column":20}},"626":{"start":{"line":627,"column":0},"end":{"line":627,"column":17}},"628":{"start":{"line":629,"column":0},"end":{"line":629,"column":28}},"629":{"start":{"line":630,"column":0},"end":{"line":630,"column":41}},"630":{"start":{"line":631,"column":0},"end":{"line":631,"column":19}},"631":{"start":{"line":632,"column":0},"end":{"line":632,"column":39}},"632":{"start":{"line":633,"column":0},"end":{"line":633,"column":19}},"633":{"start":{"line":634,"column":0},"end":{"line":634,"column":24}},"634":{"start":{"line":635,"column":0},"end":{"line":635,"column":51}},"635":{"start":{"line":636,"column":0},"end":{"line":636,"column":21}},"636":{"start":{"line":637,"column":0},"end":{"line":637,"column":5}},"637":{"start":{"line":638,"column":0},"end":{"line":638,"column":29}},"638":{"start":{"line":639,"column":0},"end":{"line":639,"column":23}},"639":{"start":{"line":640,"column":0},"end":{"line":640,"column":22}},"640":{"start":{"line":641,"column":0},"end":{"line":641,"column":19}},"641":{"start":{"line":642,"column":0},"end":{"line":642,"column":22}},"642":{"start":{"line":643,"column":0},"end":{"line":643,"column":19}},"643":{"start":{"line":644,"column":0},"end":{"line":644,"column":3}},"645":{"start":{"line":646,"column":0},"end":{"line":646,"column":69}},"646":{"start":{"line":647,"column":0},"end":{"line":647,"column":44}},"647":{"start":{"line":648,"column":0},"end":{"line":648,"column":49}},"648":{"start":{"line":649,"column":0},"end":{"line":649,"column":55}},"649":{"start":{"line":650,"column":0},"end":{"line":650,"column":42}},"650":{"start":{"line":651,"column":0},"end":{"line":651,"column":1}},"652":{"start":{"line":653,"column":0},"end":{"line":653,"column":60}}},"s":{"0":0,"6":0,"7":0,"8":0,"9":0,"11":0,"12":0,"18":0,"19":0,"20":0,"22":0,"23":0,"24":0,"25":0,"26":0,"27":0,"34":0,"35":0,"36":0,"37":0,"38":0,"39":0,"40":0,"41":0,"42":0,"43":0,"44":0,"45":0,"46":0,"47":0,"48":0,"49":0,"50":0,"51":0,"52":0,"53":0,"54":0,"55":0,"56":0,"57":0,"58":0,"59":0,"60":0,"61":0,"62":0,"63":0,"64":0,"65":0,"66":0,"67":0,"68":0,"69":0,"70":0,"71":0,"72":0,"73":0,"74":0,"75":0,"76":0,"77":0,"78":0,"79":0,"80":0,"81":0,"82":0,"83":0,"84":0,"85":0,"86":0,"87":0,"88":0,"89":0,"90":0,"91":0,"92":0,"93":0,"94":0,"95":0,"96":0,"97":0,"98":0,"99":0,"100":0,"101":0,"102":0,"103":0,"104":0,"105":0,"106":0,"107":0,"108":0,"109":0,"110":0,"112":0,"120":0,"121":0,"122":0,"123":0,"124":0,"125":0,"126":0,"127":0,"128":0,"129":0,"130":0,"131":0,"132":0,"133":0,"134":0,"135":0,"136":0,"137":0,"138":0,"139":0,"140":0,"141":0,"142":0,"143":0,"144":0,"145":0,"146":0,"147":0,"148":0,"149":0,"150":0,"151":0,"152":0,"153":0,"162":0,"164":0,"165":0,"168":0,"169":0,"170":0,"171":0,"172":0,"173":0,"174":0,"175":0,"176":0,"177":0,"178":0,"179":0,"180":0,"181":0,"182":0,"183":0,"184":0,"185":0,"186":0,"187":0,"188":0,"189":0,"190":0,"191":0,"193":0,"194":0,"195":0,"196":0,"197":0,"198":0,"199":0,"200":0,"201":0,"202":0,"203":0,"204":0,"205":0,"206":0,"207":0,"208":0,"209":0,"210":0,"211":0,"212":0,"213":0,"214":0,"215":0,"216":0,"217":0,"218":0,"219":0,"220":0,"221":0,"222":0,"223":0,"224":0,"225":0,"226":0,"227":0,"228":0,"229":0,"230":0,"231":0,"232":0,"233":0,"234":0,"235":0,"236":0,"237":0,"238":0,"239":0,"240":0,"241":0,"242":0,"243":0,"244":0,"245":0,"246":0,"247":0,"248":0,"249":0,"250":0,"251":0,"252":0,"253":0,"254":0,"255":0,"256":0,"257":0,"258":0,"259":0,"260":0,"261":0,"262":0,"263":0,"264":0,"265":0,"266":0,"267":0,"268":0,"269":0,"270":0,"271":0,"272":0,"273":0,"274":0,"275":0,"276":0,"277":0,"278":0,"279":0,"280":0,"281":0,"282":0,"283":0,"284":0,"285":0,"286":0,"287":0,"288":0,"289":0,"290":0,"291":0,"292":0,"293":0,"294":0,"295":0,"296":0,"297":0,"298":0,"299":0,"300":0,"301":0,"302":0,"303":0,"304":0,"305":0,"307":0,"308":0,"309":0,"310":0,"316":0,"317":0,"318":0,"319":0,"320":0,"321":0,"322":0,"323":0,"324":0,"325":0,"326":0,"327":0,"328":0,"330":0,"331":0,"332":0,"333":0,"334":0,"335":0,"336":0,"337":0,"338":0,"339":0,"340":0,"341":0,"342":0,"343":0,"344":0,"345":0,"346":0,"347":0,"348":0,"349":0,"350":0,"351":0,"352":0,"353":0,"354":0,"355":0,"356":0,"357":0,"358":0,"359":0,"360":0,"361":0,"362":0,"363":0,"364":0,"365":0,"366":0,"367":0,"368":0,"369":0,"370":0,"371":0,"372":0,"373":0,"374":0,"375":0,"376":0,"377":0,"378":0,"379":0,"380":0,"381":0,"382":0,"383":0,"385":0,"386":0,"387":0,"388":0,"389":0,"390":0,"391":0,"392":0,"393":0,"394":0,"395":0,"396":0,"397":0,"398":0,"399":0,"400":0,"401":0,"402":0,"403":0,"404":0,"405":0,"406":0,"407":0,"408":0,"421":0,"422":0,"423":0,"424":0,"425":0,"426":0,"427":0,"428":0,"429":0,"430":0,"431":0,"432":0,"433":0,"434":0,"435":0,"436":0,"437":0,"438":0,"439":0,"440":0,"441":0,"442":0,"443":0,"444":0,"445":0,"446":0,"447":0,"448":0,"449":0,"450":0,"451":0,"452":0,"454":0,"455":0,"456":0,"458":0,"459":0,"460":0,"461":0,"462":0,"463":0,"464":0,"465":0,"466":0,"467":0,"468":0,"469":0,"470":0,"472":0,"473":0,"474":0,"475":0,"476":0,"477":0,"478":0,"479":0,"481":0,"482":0,"483":0,"484":0,"485":0,"486":0,"487":0,"488":0,"489":0,"490":0,"491":0,"492":0,"493":0,"494":0,"500":0,"501":0,"502":0,"503":0,"504":0,"505":0,"506":0,"507":0,"509":0,"510":0,"512":0,"513":0,"514":0,"515":0,"516":0,"517":0,"519":0,"520":0,"521":0,"522":0,"523":0,"524":0,"525":0,"527":0,"528":0,"529":0,"530":0,"531":0,"532":0,"534":0,"536":0,"537":0,"539":0,"540":0,"541":0,"542":0,"543":0,"544":0,"545":0,"546":0,"547":0,"548":0,"549":0,"550":0,"551":0,"552":0,"553":0,"554":0,"555":0,"556":0,"557":0,"558":0,"559":0,"561":0,"562":0,"568":0,"569":0,"570":0,"571":0,"572":0,"573":0,"574":0,"575":0,"576":0,"577":0,"578":0,"579":0,"580":0,"581":0,"582":0,"583":0,"584":0,"585":0,"586":0,"587":0,"593":0,"594":0,"596":0,"597":0,"598":0,"599":0,"600":0,"601":0,"602":0,"603":0,"604":0,"605":0,"606":0,"607":0,"608":0,"611":0,"612":0,"613":0,"614":0,"615":0,"616":0,"617":0,"618":0,"619":0,"620":0,"621":0,"622":0,"623":0,"624":0,"625":0,"626":0,"628":0,"629":0,"630":0,"631":0,"632":0,"633":0,"634":0,"635":0,"636":0,"637":0,"638":0,"639":0,"640":0,"641":0,"642":0,"643":0,"645":0,"646":0,"647":0,"648":0,"649":0,"650":0,"652":0},"branchMap":{"0":{"type":"branch","line":1,"loc":{"start":{"line":1,"column":38839},"end":{"line":653,"column":60}},"locations":[{"start":{"line":1,"column":38839},"end":{"line":653,"column":60}}]}},"b":{"0":[0]},"fnMap":{"0":{"name":"(empty-report)","decl":{"start":{"line":1,"column":38839},"end":{"line":653,"column":60}},"loc":{"start":{"line":1,"column":38839},"end":{"line":653,"column":60}},"line":1}},"f":{"0":0}}
,"/Users/chaycao/workspace/oddeNova/scripts/eval/agent-runner.ts": {"path":"/Users/chaycao/workspace/oddeNova/scripts/eval/agent-runner.ts","all":true,"statementMap":{"0":{"start":{"line":1,"column":0},"end":{"line":1,"column":31}},"10":{"start":{"line":11,"column":0},"end":{"line":11,"column":96}},"11":{"start":{"line":12,"column":0},"end":{"line":12,"column":85}},"12":{"start":{"line":13,"column":0},"end":{"line":13,"column":77}},"14":{"start":{"line":15,"column":0},"end":{"line":15,"column":30}},"15":{"start":{"line":16,"column":0},"end":{"line":16,"column":28}},"16":{"start":{"line":17,"column":0},"end":{"line":17,"column":30}},"17":{"start":{"line":18,"column":0},"end":{"line":18,"column":32}},"18":{"start":{"line":19,"column":0},"end":{"line":19,"column":67}},"19":{"start":{"line":20,"column":0},"end":{"line":20,"column":3}},"26":{"start":{"line":27,"column":0},"end":{"line":27,"column":110}},"27":{"start":{"line":28,"column":0},"end":{"line":28,"column":63}},"28":{"start":{"line":29,"column":0},"end":{"line":29,"column":60}},"29":{"start":{"line":30,"column":0},"end":{"line":30,"column":80}},"30":{"start":{"line":31,"column":0},"end":{"line":31,"column":97}},"31":{"start":{"line":32,"column":0},"end":{"line":32,"column":93}},"32":{"start":{"line":33,"column":0},"end":{"line":33,"column":77}},"33":{"start":{"line":34,"column":0},"end":{"line":34,"column":79}},"34":{"start":{"line":35,"column":0},"end":{"line":35,"column":80}},"35":{"start":{"line":36,"column":0},"end":{"line":36,"column":12}},"36":{"start":{"line":37,"column":0},"end":{"line":37,"column":1}},"37":{"start":{"line":38,"column":0},"end":{"line":38,"column":67}},"38":{"start":{"line":39,"column":0},"end":{"line":39,"column":43}},"39":{"start":{"line":40,"column":0},"end":{"line":40,"column":47}},"40":{"start":{"line":41,"column":0},"end":{"line":41,"column":35}},"41":{"start":{"line":42,"column":0},"end":{"line":42,"column":42}},"42":{"start":{"line":43,"column":0},"end":{"line":43,"column":29}},"43":{"start":{"line":44,"column":0},"end":{"line":44,"column":23}},"44":{"start":{"line":45,"column":0},"end":{"line":45,"column":56}},"45":{"start":{"line":46,"column":0},"end":{"line":46,"column":92}},"46":{"start":{"line":47,"column":0},"end":{"line":47,"column":3}},"47":{"start":{"line":48,"column":0},"end":{"line":48,"column":12}},"48":{"start":{"line":49,"column":0},"end":{"line":49,"column":1}},"49":{"start":{"line":50,"column":0},"end":{"line":50,"column":69}},"50":{"start":{"line":51,"column":0},"end":{"line":51,"column":43}},"51":{"start":{"line":52,"column":0},"end":{"line":52,"column":41}},"52":{"start":{"line":53,"column":0},"end":{"line":53,"column":35}},"53":{"start":{"line":54,"column":0},"end":{"line":54,"column":42}},"54":{"start":{"line":55,"column":0},"end":{"line":55,"column":29}},"55":{"start":{"line":56,"column":0},"end":{"line":56,"column":23}},"56":{"start":{"line":57,"column":0},"end":{"line":57,"column":70}},"57":{"start":{"line":58,"column":0},"end":{"line":58,"column":70}},"58":{"start":{"line":59,"column":0},"end":{"line":59,"column":71}},"59":{"start":{"line":60,"column":0},"end":{"line":60,"column":46}},"60":{"start":{"line":61,"column":0},"end":{"line":61,"column":45}},"61":{"start":{"line":62,"column":0},"end":{"line":62,"column":88}},"62":{"start":{"line":63,"column":0},"end":{"line":63,"column":5}},"63":{"start":{"line":64,"column":0},"end":{"line":64,"column":3}},"64":{"start":{"line":65,"column":0},"end":{"line":65,"column":12}},"65":{"start":{"line":66,"column":0},"end":{"line":66,"column":1}},"66":{"start":{"line":67,"column":0},"end":{"line":67,"column":78}},"67":{"start":{"line":68,"column":0},"end":{"line":68,"column":113}},"68":{"start":{"line":69,"column":0},"end":{"line":69,"column":41}},"69":{"start":{"line":70,"column":0},"end":{"line":70,"column":35}},"70":{"start":{"line":71,"column":0},"end":{"line":71,"column":42}},"71":{"start":{"line":72,"column":0},"end":{"line":72,"column":29}},"72":{"start":{"line":73,"column":0},"end":{"line":73,"column":23}},"73":{"start":{"line":74,"column":0},"end":{"line":74,"column":56}},"74":{"start":{"line":75,"column":0},"end":{"line":75,"column":61}},"75":{"start":{"line":76,"column":0},"end":{"line":76,"column":102}},"76":{"start":{"line":77,"column":0},"end":{"line":77,"column":3}},"77":{"start":{"line":78,"column":0},"end":{"line":78,"column":80}},"78":{"start":{"line":79,"column":0},"end":{"line":79,"column":15}},"79":{"start":{"line":80,"column":0},"end":{"line":80,"column":1}},"80":{"start":{"line":81,"column":0},"end":{"line":81,"column":87}},"81":{"start":{"line":82,"column":0},"end":{"line":82,"column":28}},"82":{"start":{"line":83,"column":0},"end":{"line":83,"column":41}},"83":{"start":{"line":84,"column":0},"end":{"line":84,"column":35}},"84":{"start":{"line":85,"column":0},"end":{"line":85,"column":42}},"85":{"start":{"line":86,"column":0},"end":{"line":86,"column":29}},"86":{"start":{"line":87,"column":0},"end":{"line":87,"column":44}},"87":{"start":{"line":88,"column":0},"end":{"line":88,"column":46}},"88":{"start":{"line":89,"column":0},"end":{"line":89,"column":32}},"89":{"start":{"line":90,"column":0},"end":{"line":90,"column":49}},"90":{"start":{"line":91,"column":0},"end":{"line":91,"column":61}},"91":{"start":{"line":92,"column":0},"end":{"line":92,"column":44}},"92":{"start":{"line":93,"column":0},"end":{"line":93,"column":29}},"93":{"start":{"line":94,"column":0},"end":{"line":94,"column":50}},"94":{"start":{"line":95,"column":0},"end":{"line":95,"column":30}},"95":{"start":{"line":96,"column":0},"end":{"line":96,"column":55}},"96":{"start":{"line":97,"column":0},"end":{"line":97,"column":36}},"97":{"start":{"line":98,"column":0},"end":{"line":98,"column":31}},"98":{"start":{"line":99,"column":0},"end":{"line":99,"column":52}},"99":{"start":{"line":100,"column":0},"end":{"line":100,"column":5}},"100":{"start":{"line":101,"column":0},"end":{"line":101,"column":3}},"101":{"start":{"line":102,"column":0},"end":{"line":102,"column":14}},"102":{"start":{"line":103,"column":0},"end":{"line":103,"column":1}},"104":{"start":{"line":105,"column":0},"end":{"line":105,"column":69}},"112":{"start":{"line":113,"column":0},"end":{"line":113,"column":48}},"113":{"start":{"line":114,"column":0},"end":{"line":114,"column":168}},"114":{"start":{"line":115,"column":0},"end":{"line":115,"column":43}},"115":{"start":{"line":116,"column":0},"end":{"line":116,"column":34}},"116":{"start":{"line":117,"column":0},"end":{"line":117,"column":148}},"117":{"start":{"line":118,"column":0},"end":{"line":118,"column":54}},"118":{"start":{"line":119,"column":0},"end":{"line":119,"column":22}},"119":{"start":{"line":120,"column":0},"end":{"line":120,"column":67}},"120":{"start":{"line":121,"column":0},"end":{"line":121,"column":24}},"121":{"start":{"line":122,"column":0},"end":{"line":122,"column":58}},"122":{"start":{"line":123,"column":0},"end":{"line":123,"column":25}},"123":{"start":{"line":124,"column":0},"end":{"line":124,"column":132}},"124":{"start":{"line":125,"column":0},"end":{"line":125,"column":80}},"125":{"start":{"line":126,"column":0},"end":{"line":126,"column":52}},"126":{"start":{"line":127,"column":0},"end":{"line":127,"column":24}},"127":{"start":{"line":128,"column":0},"end":{"line":128,"column":35}},"128":{"start":{"line":129,"column":0},"end":{"line":129,"column":63}},"129":{"start":{"line":130,"column":0},"end":{"line":130,"column":40}},"130":{"start":{"line":131,"column":0},"end":{"line":131,"column":56}},"131":{"start":{"line":132,"column":0},"end":{"line":132,"column":51}},"132":{"start":{"line":133,"column":0},"end":{"line":133,"column":89}},"133":{"start":{"line":134,"column":0},"end":{"line":134,"column":69}},"134":{"start":{"line":135,"column":0},"end":{"line":135,"column":43}},"135":{"start":{"line":136,"column":0},"end":{"line":136,"column":154}},"136":{"start":{"line":137,"column":0},"end":{"line":137,"column":9}},"137":{"start":{"line":138,"column":0},"end":{"line":138,"column":7}},"138":{"start":{"line":139,"column":0},"end":{"line":139,"column":5}},"139":{"start":{"line":140,"column":0},"end":{"line":140,"column":3}},"140":{"start":{"line":141,"column":0},"end":{"line":141,"column":16}},"141":{"start":{"line":142,"column":0},"end":{"line":142,"column":1}},"142":{"start":{"line":143,"column":0},"end":{"line":143,"column":89}},"143":{"start":{"line":144,"column":0},"end":{"line":144,"column":45}},"144":{"start":{"line":145,"column":0},"end":{"line":145,"column":155}},"145":{"start":{"line":146,"column":0},"end":{"line":146,"column":1}},"154":{"start":{"line":155,"column":0},"end":{"line":155,"column":34}},"156":{"start":{"line":157,"column":0},"end":{"line":157,"column":94}},"157":{"start":{"line":158,"column":0},"end":{"line":158,"column":1}},"160":{"start":{"line":161,"column":0},"end":{"line":161,"column":122}},"161":{"start":{"line":162,"column":0},"end":{"line":162,"column":52}},"162":{"start":{"line":163,"column":0},"end":{"line":163,"column":44}},"163":{"start":{"line":164,"column":0},"end":{"line":164,"column":95}},"164":{"start":{"line":165,"column":0},"end":{"line":165,"column":1}},"165":{"start":{"line":166,"column":0},"end":{"line":166,"column":95}},"166":{"start":{"line":167,"column":0},"end":{"line":167,"column":56}},"167":{"start":{"line":168,"column":0},"end":{"line":168,"column":60}},"168":{"start":{"line":169,"column":0},"end":{"line":169,"column":43}},"169":{"start":{"line":170,"column":0},"end":{"line":170,"column":1}},"170":{"start":{"line":171,"column":0},"end":{"line":171,"column":124}},"171":{"start":{"line":172,"column":0},"end":{"line":172,"column":81}},"172":{"start":{"line":173,"column":0},"end":{"line":173,"column":33}},"173":{"start":{"line":174,"column":0},"end":{"line":174,"column":111}},"174":{"start":{"line":175,"column":0},"end":{"line":175,"column":119}},"175":{"start":{"line":176,"column":0},"end":{"line":176,"column":55}},"176":{"start":{"line":177,"column":0},"end":{"line":177,"column":78}},"177":{"start":{"line":178,"column":0},"end":{"line":178,"column":64}},"178":{"start":{"line":179,"column":0},"end":{"line":179,"column":1}},"179":{"start":{"line":180,"column":0},"end":{"line":180,"column":70}},"180":{"start":{"line":181,"column":0},"end":{"line":181,"column":65}},"181":{"start":{"line":182,"column":0},"end":{"line":182,"column":79}},"182":{"start":{"line":183,"column":0},"end":{"line":183,"column":97}},"183":{"start":{"line":184,"column":0},"end":{"line":184,"column":1}},"185":{"start":{"line":186,"column":0},"end":{"line":186,"column":15}},"186":{"start":{"line":187,"column":0},"end":{"line":187,"column":3}},"187":{"start":{"line":188,"column":0},"end":{"line":188,"column":100}},"188":{"start":{"line":189,"column":0},"end":{"line":189,"column":65}},"189":{"start":{"line":190,"column":0},"end":{"line":190,"column":80}},"190":{"start":{"line":191,"column":0},"end":{"line":191,"column":47}},"191":{"start":{"line":192,"column":0},"end":{"line":192,"column":84}},"192":{"start":{"line":193,"column":0},"end":{"line":193,"column":6}},"193":{"start":{"line":194,"column":0},"end":{"line":194,"column":4}},"194":{"start":{"line":195,"column":0},"end":{"line":195,"column":3}},"195":{"start":{"line":196,"column":0},"end":{"line":196,"column":143}},"196":{"start":{"line":197,"column":0},"end":{"line":197,"column":250}},"197":{"start":{"line":198,"column":0},"end":{"line":198,"column":79}},"198":{"start":{"line":199,"column":0},"end":{"line":199,"column":103}},"199":{"start":{"line":200,"column":0},"end":{"line":200,"column":103}},"200":{"start":{"line":201,"column":0},"end":{"line":201,"column":60}},"201":{"start":{"line":202,"column":0},"end":{"line":202,"column":142}},"202":{"start":{"line":203,"column":0},"end":{"line":203,"column":105}},"203":{"start":{"line":204,"column":0},"end":{"line":204,"column":53}},"204":{"start":{"line":205,"column":0},"end":{"line":205,"column":88}},"205":{"start":{"line":206,"column":0},"end":{"line":206,"column":6}},"206":{"start":{"line":207,"column":0},"end":{"line":207,"column":4}},"207":{"start":{"line":208,"column":0},"end":{"line":208,"column":3}},"208":{"start":{"line":209,"column":0},"end":{"line":209,"column":59}},"209":{"start":{"line":210,"column":0},"end":{"line":210,"column":121}},"210":{"start":{"line":211,"column":0},"end":{"line":211,"column":79}},"211":{"start":{"line":212,"column":0},"end":{"line":212,"column":43}},"212":{"start":{"line":213,"column":0},"end":{"line":213,"column":58}},"213":{"start":{"line":214,"column":0},"end":{"line":214,"column":60}},"214":{"start":{"line":215,"column":0},"end":{"line":215,"column":59}},"215":{"start":{"line":216,"column":0},"end":{"line":216,"column":70}},"216":{"start":{"line":217,"column":0},"end":{"line":217,"column":59}},"217":{"start":{"line":218,"column":0},"end":{"line":218,"column":53}},"218":{"start":{"line":219,"column":0},"end":{"line":219,"column":88}},"219":{"start":{"line":220,"column":0},"end":{"line":220,"column":6}},"220":{"start":{"line":221,"column":0},"end":{"line":221,"column":4}},"221":{"start":{"line":222,"column":0},"end":{"line":222,"column":3}},"222":{"start":{"line":223,"column":0},"end":{"line":223,"column":59}},"223":{"start":{"line":224,"column":0},"end":{"line":224,"column":186}},"224":{"start":{"line":225,"column":0},"end":{"line":225,"column":79}},"225":{"start":{"line":226,"column":0},"end":{"line":226,"column":43}},"226":{"start":{"line":227,"column":0},"end":{"line":227,"column":58}},"227":{"start":{"line":228,"column":0},"end":{"line":228,"column":115}},"228":{"start":{"line":229,"column":0},"end":{"line":229,"column":60}},"229":{"start":{"line":230,"column":0},"end":{"line":230,"column":59}},"230":{"start":{"line":231,"column":0},"end":{"line":231,"column":70}},"231":{"start":{"line":232,"column":0},"end":{"line":232,"column":104}},"232":{"start":{"line":233,"column":0},"end":{"line":233,"column":53}},"233":{"start":{"line":234,"column":0},"end":{"line":234,"column":58}},"234":{"start":{"line":235,"column":0},"end":{"line":235,"column":6}},"235":{"start":{"line":236,"column":0},"end":{"line":236,"column":4}},"236":{"start":{"line":237,"column":0},"end":{"line":237,"column":3}},"237":{"start":{"line":238,"column":0},"end":{"line":238,"column":92}},"238":{"start":{"line":239,"column":0},"end":{"line":239,"column":188}},"239":{"start":{"line":240,"column":0},"end":{"line":240,"column":79}},"240":{"start":{"line":241,"column":0},"end":{"line":241,"column":49}},"241":{"start":{"line":242,"column":0},"end":{"line":242,"column":52}},"242":{"start":{"line":243,"column":0},"end":{"line":243,"column":82}},"243":{"start":{"line":244,"column":0},"end":{"line":244,"column":60}},"244":{"start":{"line":245,"column":0},"end":{"line":245,"column":64}},"245":{"start":{"line":246,"column":0},"end":{"line":246,"column":75}},"246":{"start":{"line":247,"column":0},"end":{"line":247,"column":113}},"247":{"start":{"line":248,"column":0},"end":{"line":248,"column":53}},"248":{"start":{"line":249,"column":0},"end":{"line":249,"column":58}},"249":{"start":{"line":250,"column":0},"end":{"line":250,"column":6}},"250":{"start":{"line":251,"column":0},"end":{"line":251,"column":4}},"251":{"start":{"line":252,"column":0},"end":{"line":252,"column":3}},"252":{"start":{"line":253,"column":0},"end":{"line":253,"column":88}},"253":{"start":{"line":254,"column":0},"end":{"line":254,"column":137}},"254":{"start":{"line":255,"column":0},"end":{"line":255,"column":79}},"255":{"start":{"line":256,"column":0},"end":{"line":256,"column":35}},"256":{"start":{"line":257,"column":0},"end":{"line":257,"column":79}},"257":{"start":{"line":258,"column":0},"end":{"line":258,"column":32}},"258":{"start":{"line":259,"column":0},"end":{"line":259,"column":60}},"259":{"start":{"line":260,"column":0},"end":{"line":260,"column":55}},"260":{"start":{"line":261,"column":0},"end":{"line":261,"column":91}},"261":{"start":{"line":262,"column":0},"end":{"line":262,"column":6}},"262":{"start":{"line":263,"column":0},"end":{"line":263,"column":4}},"263":{"start":{"line":264,"column":0},"end":{"line":264,"column":3}},"264":{"start":{"line":265,"column":0},"end":{"line":265,"column":130}},"265":{"start":{"line":266,"column":0},"end":{"line":266,"column":137}},"266":{"start":{"line":267,"column":0},"end":{"line":267,"column":79}},"267":{"start":{"line":268,"column":0},"end":{"line":268,"column":120}},"268":{"start":{"line":269,"column":0},"end":{"line":269,"column":40}},"269":{"start":{"line":270,"column":0},"end":{"line":270,"column":109}},"270":{"start":{"line":271,"column":0},"end":{"line":271,"column":6}},"271":{"start":{"line":272,"column":0},"end":{"line":272,"column":4}},"272":{"start":{"line":273,"column":0},"end":{"line":273,"column":3}},"273":{"start":{"line":274,"column":0},"end":{"line":274,"column":121}},"274":{"start":{"line":275,"column":0},"end":{"line":275,"column":537}},"275":{"start":{"line":276,"column":0},"end":{"line":276,"column":94}},"276":{"start":{"line":277,"column":0},"end":{"line":277,"column":50}},"277":{"start":{"line":278,"column":0},"end":{"line":278,"column":52}},"278":{"start":{"line":279,"column":0},"end":{"line":279,"column":71}},"279":{"start":{"line":280,"column":0},"end":{"line":280,"column":52}},"280":{"start":{"line":281,"column":0},"end":{"line":281,"column":58}},"281":{"start":{"line":282,"column":0},"end":{"line":282,"column":11}},"282":{"start":{"line":283,"column":0},"end":{"line":283,"column":99}},"283":{"start":{"line":284,"column":0},"end":{"line":284,"column":66}},"284":{"start":{"line":285,"column":0},"end":{"line":285,"column":28}},"285":{"start":{"line":286,"column":0},"end":{"line":286,"column":99}},"286":{"start":{"line":287,"column":0},"end":{"line":287,"column":7}},"287":{"start":{"line":288,"column":0},"end":{"line":288,"column":6}},"288":{"start":{"line":289,"column":0},"end":{"line":289,"column":4}},"289":{"start":{"line":290,"column":0},"end":{"line":290,"column":3}},"290":{"start":{"line":291,"column":0},"end":{"line":291,"column":87}},"291":{"start":{"line":292,"column":0},"end":{"line":292,"column":198}},"292":{"start":{"line":293,"column":0},"end":{"line":293,"column":79}},"293":{"start":{"line":294,"column":0},"end":{"line":294,"column":120}},"294":{"start":{"line":295,"column":0},"end":{"line":295,"column":35}},"295":{"start":{"line":296,"column":0},"end":{"line":296,"column":6}},"296":{"start":{"line":297,"column":0},"end":{"line":297,"column":4}},"297":{"start":{"line":298,"column":0},"end":{"line":298,"column":2}},"299":{"start":{"line":300,"column":0},"end":{"line":300,"column":27}},"300":{"start":{"line":301,"column":0},"end":{"line":301,"column":141}},"301":{"start":{"line":302,"column":0},"end":{"line":302,"column":1}},"302":{"start":{"line":303,"column":0},"end":{"line":303,"column":78}},"308":{"start":{"line":309,"column":0},"end":{"line":309,"column":28}},"309":{"start":{"line":310,"column":0},"end":{"line":310,"column":36}},"310":{"start":{"line":311,"column":0},"end":{"line":311,"column":154}},"311":{"start":{"line":312,"column":0},"end":{"line":312,"column":151}},"312":{"start":{"line":313,"column":0},"end":{"line":313,"column":98}},"313":{"start":{"line":314,"column":0},"end":{"line":314,"column":130}},"314":{"start":{"line":315,"column":0},"end":{"line":315,"column":166}},"315":{"start":{"line":316,"column":0},"end":{"line":316,"column":259}},"316":{"start":{"line":317,"column":0},"end":{"line":317,"column":195}},"317":{"start":{"line":318,"column":0},"end":{"line":318,"column":166}},"318":{"start":{"line":319,"column":0},"end":{"line":319,"column":277}},"319":{"start":{"line":320,"column":0},"end":{"line":320,"column":132}},"320":{"start":{"line":321,"column":0},"end":{"line":321,"column":13}},"322":{"start":{"line":323,"column":0},"end":{"line":323,"column":36}},"323":{"start":{"line":324,"column":0},"end":{"line":324,"column":183}},"324":{"start":{"line":325,"column":0},"end":{"line":325,"column":5}},"325":{"start":{"line":326,"column":0},"end":{"line":326,"column":21}},"326":{"start":{"line":327,"column":0},"end":{"line":327,"column":103}},"327":{"start":{"line":328,"column":0},"end":{"line":328,"column":174}},"328":{"start":{"line":329,"column":0},"end":{"line":329,"column":458}},"329":{"start":{"line":330,"column":0},"end":{"line":330,"column":101}},"330":{"start":{"line":331,"column":0},"end":{"line":331,"column":5}},"331":{"start":{"line":332,"column":0},"end":{"line":332,"column":22}},"332":{"start":{"line":333,"column":0},"end":{"line":333,"column":341}},"333":{"start":{"line":334,"column":0},"end":{"line":334,"column":316}},"334":{"start":{"line":335,"column":0},"end":{"line":335,"column":81}},"335":{"start":{"line":336,"column":0},"end":{"line":336,"column":5}},"336":{"start":{"line":337,"column":0},"end":{"line":337,"column":81}},"337":{"start":{"line":338,"column":0},"end":{"line":338,"column":183}},"338":{"start":{"line":339,"column":0},"end":{"line":339,"column":203}},"339":{"start":{"line":340,"column":0},"end":{"line":340,"column":212}},"340":{"start":{"line":341,"column":0},"end":{"line":341,"column":217}},"341":{"start":{"line":342,"column":0},"end":{"line":342,"column":142}},"342":{"start":{"line":343,"column":0},"end":{"line":343,"column":5}},"343":{"start":{"line":344,"column":0},"end":{"line":344,"column":24}},"344":{"start":{"line":345,"column":0},"end":{"line":345,"column":99}},"345":{"start":{"line":346,"column":0},"end":{"line":346,"column":133}},"346":{"start":{"line":347,"column":0},"end":{"line":347,"column":160}},"347":{"start":{"line":348,"column":0},"end":{"line":348,"column":187}},"348":{"start":{"line":349,"column":0},"end":{"line":349,"column":5}},"349":{"start":{"line":350,"column":0},"end":{"line":350,"column":20}},"350":{"start":{"line":351,"column":0},"end":{"line":351,"column":191}},"351":{"start":{"line":352,"column":0},"end":{"line":352,"column":5}},"352":{"start":{"line":353,"column":0},"end":{"line":353,"column":21}},"353":{"start":{"line":354,"column":0},"end":{"line":354,"column":5}},"354":{"start":{"line":355,"column":0},"end":{"line":355,"column":27}},"355":{"start":{"line":356,"column":0},"end":{"line":356,"column":67}},"356":{"start":{"line":357,"column":0},"end":{"line":357,"column":40}},"357":{"start":{"line":358,"column":0},"end":{"line":358,"column":73}},"358":{"start":{"line":359,"column":0},"end":{"line":359,"column":5}},"359":{"start":{"line":360,"column":0},"end":{"line":360,"column":40}},"360":{"start":{"line":361,"column":0},"end":{"line":361,"column":117}},"361":{"start":{"line":362,"column":0},"end":{"line":362,"column":99}},"362":{"start":{"line":363,"column":0},"end":{"line":363,"column":107}},"363":{"start":{"line":364,"column":0},"end":{"line":364,"column":104}},"364":{"start":{"line":365,"column":0},"end":{"line":365,"column":140}},"365":{"start":{"line":366,"column":0},"end":{"line":366,"column":125}},"366":{"start":{"line":367,"column":0},"end":{"line":367,"column":5}},"367":{"start":{"line":368,"column":0},"end":{"line":368,"column":13}},"368":{"start":{"line":369,"column":0},"end":{"line":369,"column":245}},"369":{"start":{"line":370,"column":0},"end":{"line":370,"column":195}},"370":{"start":{"line":371,"column":0},"end":{"line":371,"column":43}},"371":{"start":{"line":372,"column":0},"end":{"line":372,"column":82}},"372":{"start":{"line":373,"column":0},"end":{"line":373,"column":102}},"373":{"start":{"line":374,"column":0},"end":{"line":374,"column":104}},"374":{"start":{"line":375,"column":0},"end":{"line":375,"column":94}},"375":{"start":{"line":376,"column":0},"end":{"line":376,"column":13}},"377":{"start":{"line":378,"column":0},"end":{"line":378,"column":40}},"378":{"start":{"line":379,"column":0},"end":{"line":379,"column":99}},"379":{"start":{"line":380,"column":0},"end":{"line":380,"column":5}},"380":{"start":{"line":381,"column":0},"end":{"line":381,"column":23}},"381":{"start":{"line":382,"column":0},"end":{"line":382,"column":50}},"382":{"start":{"line":383,"column":0},"end":{"line":383,"column":83}},"383":{"start":{"line":384,"column":0},"end":{"line":384,"column":170}},"384":{"start":{"line":385,"column":0},"end":{"line":385,"column":51}},"385":{"start":{"line":386,"column":0},"end":{"line":386,"column":72}},"386":{"start":{"line":387,"column":0},"end":{"line":387,"column":5}},"387":{"start":{"line":388,"column":0},"end":{"line":388,"column":456}},"388":{"start":{"line":389,"column":0},"end":{"line":389,"column":5}},"389":{"start":{"line":390,"column":0},"end":{"line":390,"column":45}},"390":{"start":{"line":391,"column":0},"end":{"line":391,"column":5}},"391":{"start":{"line":392,"column":0},"end":{"line":392,"column":55}},"392":{"start":{"line":393,"column":0},"end":{"line":393,"column":133}},"393":{"start":{"line":394,"column":0},"end":{"line":394,"column":166}},"394":{"start":{"line":395,"column":0},"end":{"line":395,"column":151}},"395":{"start":{"line":396,"column":0},"end":{"line":396,"column":5}},"396":{"start":{"line":397,"column":0},"end":{"line":397,"column":11}},"397":{"start":{"line":398,"column":0},"end":{"line":398,"column":123}},"398":{"start":{"line":399,"column":0},"end":{"line":399,"column":120}},"399":{"start":{"line":400,"column":0},"end":{"line":400,"column":309}},"400":{"start":{"line":401,"column":0},"end":{"line":401,"column":13}},"415":{"start":{"line":416,"column":0},"end":{"line":416,"column":102}},"416":{"start":{"line":417,"column":0},"end":{"line":417,"column":18}},"417":{"start":{"line":418,"column":0},"end":{"line":418,"column":43}},"418":{"start":{"line":419,"column":0},"end":{"line":419,"column":27}},"419":{"start":{"line":420,"column":0},"end":{"line":420,"column":71}},"420":{"start":{"line":421,"column":0},"end":{"line":421,"column":99}},"421":{"start":{"line":422,"column":0},"end":{"line":422,"column":79}},"422":{"start":{"line":423,"column":0},"end":{"line":423,"column":35}},"424":{"start":{"line":425,"column":0},"end":{"line":425,"column":56}},"425":{"start":{"line":426,"column":0},"end":{"line":426,"column":108}},"426":{"start":{"line":427,"column":0},"end":{"line":427,"column":7}},"427":{"start":{"line":428,"column":0},"end":{"line":428,"column":55}},"428":{"start":{"line":429,"column":0},"end":{"line":429,"column":71}},"429":{"start":{"line":430,"column":0},"end":{"line":430,"column":56}},"430":{"start":{"line":431,"column":0},"end":{"line":431,"column":42}},"431":{"start":{"line":432,"column":0},"end":{"line":432,"column":50}},"432":{"start":{"line":433,"column":0},"end":{"line":433,"column":180}},"433":{"start":{"line":434,"column":0},"end":{"line":434,"column":86}},"434":{"start":{"line":435,"column":0},"end":{"line":435,"column":9}},"435":{"start":{"line":436,"column":0},"end":{"line":436,"column":7}},"436":{"start":{"line":437,"column":0},"end":{"l
[...]
"column":5}},"690":{"start":{"line":691,"column":0},"end":{"line":691,"column":35}},"691":{"start":{"line":692,"column":0},"end":{"line":692,"column":19}},"692":{"start":{"line":693,"column":0},"end":{"line":693,"column":10}},"693":{"start":{"line":694,"column":0},"end":{"line":694,"column":31}},"694":{"start":{"line":695,"column":0},"end":{"line":695,"column":26}},"695":{"start":{"line":696,"column":0},"end":{"line":696,"column":25}},"696":{"start":{"line":697,"column":0},"end":{"line":697,"column":44}},"697":{"start":{"line":698,"column":0},"end":{"line":698,"column":17}},"698":{"start":{"line":699,"column":0},"end":{"line":699,"column":19}},"699":{"start":{"line":700,"column":0},"end":{"line":700,"column":9}},"700":{"start":{"line":701,"column":0},"end":{"line":701,"column":39}},"701":{"start":{"line":702,"column":0},"end":{"line":702,"column":24}},"702":{"start":{"line":703,"column":0},"end":{"line":703,"column":14}},"703":{"start":{"line":704,"column":0},"end":{"line":704,"column":50}},"704":{"start":{"line":705,"column":0},"end":{"line":705,"column":19}},"705":{"start":{"line":706,"column":0},"end":{"line":706,"column":9}},"706":{"start":{"line":707,"column":0},"end":{"line":707,"column":20}},"707":{"start":{"line":708,"column":0},"end":{"line":708,"column":12}},"708":{"start":{"line":709,"column":0},"end":{"line":709,"column":28}},"709":{"start":{"line":710,"column":0},"end":{"line":710,"column":7}},"710":{"start":{"line":711,"column":0},"end":{"line":711,"column":15}},"711":{"start":{"line":712,"column":0},"end":{"line":712,"column":5}},"712":{"start":{"line":713,"column":0},"end":{"line":713,"column":17}},"713":{"start":{"line":714,"column":0},"end":{"line":714,"column":8}},"714":{"start":{"line":715,"column":0},"end":{"line":715,"column":3}},"715":{"start":{"line":716,"column":0},"end":{"line":716,"column":16}},"716":{"start":{"line":717,"column":0},"end":{"line":717,"column":1}},"720":{"start":{"line":721,"column":0},"end":{"line":721,"column":77}},"721":{"start":{"line":722,"column":0},"end":{"line":722,"column":57}},"722":{"start":{"line":723,"column":0},"end":{"line":723,"column":35}},"723":{"start":{"line":724,"column":0},"end":{"line":724,"column":33}},"724":{"start":{"line":725,"column":0},"end":{"line":725,"column":46}},"725":{"start":{"line":726,"column":0},"end":{"line":726,"column":38}},"726":{"start":{"line":727,"column":0},"end":{"line":727,"column":7}},"727":{"start":{"line":728,"column":0},"end":{"line":728,"column":24}},"728":{"start":{"line":729,"column":0},"end":{"line":729,"column":24}},"729":{"start":{"line":730,"column":0},"end":{"line":730,"column":15}},"730":{"start":{"line":731,"column":0},"end":{"line":731,"column":76}},"731":{"start":{"line":732,"column":0},"end":{"line":732,"column":3}},"732":{"start":{"line":733,"column":0},"end":{"line":733,"column":1}},"734":{"start":{"line":735,"column":0},"end":{"line":735,"column":84}},"735":{"start":{"line":736,"column":0},"end":{"line":736,"column":33}},"736":{"start":{"line":737,"column":0},"end":{"line":737,"column":26}},"737":{"start":{"line":738,"column":0},"end":{"line":738,"column":51}},"739":{"start":{"line":740,"column":0},"end":{"line":740,"column":23}},"740":{"start":{"line":741,"column":0},"end":{"line":741,"column":33}},"741":{"start":{"line":742,"column":0},"end":{"line":742,"column":46}},"742":{"start":{"line":743,"column":0},"end":{"line":743,"column":37}},"743":{"start":{"line":744,"column":0},"end":{"line":744,"column":51}},"745":{"start":{"line":746,"column":0},"end":{"line":746,"column":32}},"746":{"start":{"line":747,"column":0},"end":{"line":747,"column":67}},"747":{"start":{"line":748,"column":0},"end":{"line":748,"column":69}},"748":{"start":{"line":749,"column":0},"end":{"line":749,"column":53}},"749":{"start":{"line":750,"column":0},"end":{"line":750,"column":5}},"751":{"start":{"line":752,"column":0},"end":{"line":752,"column":31}},"752":{"start":{"line":753,"column":0},"end":{"line":753,"column":27}},"753":{"start":{"line":754,"column":0},"end":{"line":754,"column":18}},"754":{"start":{"line":755,"column":0},"end":{"line":755,"column":108}},"755":{"start":{"line":756,"column":0},"end":{"line":756,"column":30}},"756":{"start":{"line":757,"column":0},"end":{"line":757,"column":59}},"757":{"start":{"line":758,"column":0},"end":{"line":758,"column":52}},"758":{"start":{"line":759,"column":0},"end":{"line":759,"column":56}},"759":{"start":{"line":760,"column":0},"end":{"line":760,"column":7}},"760":{"start":{"line":761,"column":0},"end":{"line":761,"column":15}},"761":{"start":{"line":762,"column":0},"end":{"line":762,"column":6}},"762":{"start":{"line":763,"column":0},"end":{"line":763,"column":5}},"764":{"start":{"line":765,"column":0},"end":{"line":765,"column":7}},"765":{"start":{"line":766,"column":0},"end":{"line":766,"column":65}},"767":{"start":{"line":768,"column":0},"end":{"line":768,"column":52}},"768":{"start":{"line":769,"column":0},"end":{"line":769,"column":36}},"769":{"start":{"line":770,"column":0},"end":{"line":770,"column":68}},"770":{"start":{"line":771,"column":0},"end":{"line":771,"column":14}},"771":{"start":{"line":772,"column":0},"end":{"line":772,"column":18}},"772":{"start":{"line":773,"column":0},"end":{"line":773,"column":164}},"773":{"start":{"line":774,"column":0},"end":{"line":774,"column":8}},"774":{"start":{"line":775,"column":0},"end":{"line":775,"column":5}},"775":{"start":{"line":776,"column":0},"end":{"line":776,"column":24}},"776":{"start":{"line":777,"column":0},"end":{"line":777,"column":15}},"777":{"start":{"line":778,"column":0},"end":{"line":778,"column":76}},"778":{"start":{"line":779,"column":0},"end":{"line":779,"column":3}},"779":{"start":{"line":780,"column":0},"end":{"line":780,"column":1}},"782":{"start":{"line":783,"column":0},"end":{"line":783,"column":42}},"783":{"start":{"line":784,"column":0},"end":{"line":784,"column":32}},"784":{"start":{"line":785,"column":0},"end":{"line":785,"column":1}}},"s":{"0":0,"25":0,"26":0,"28":0,"29":0,"30":0,"31":0,"33":0,"34":0,"35":0,"38":0,"39":0,"41":0,"42":0,"43":0,"44":0,"45":0,"46":0,"48":0,"50":0,"51":0,"52":0,"53":0,"54":0,"55":0,"57":0,"59":0,"60":0,"61":0,"62":0,"63":0,"64":0,"65":0,"67":0,"68":0,"69":0,"70":0,"72":0,"73":0,"74":0,"76":0,"77":0,"78":0,"80":0,"81":0,"82":0,"84":0,"86":0,"87":0,"88":0,"89":0,"90":0,"91":0,"92":0,"93":0,"95":0,"96":0,"97":0,"98":0,"99":0,"100":0,"101":0,"103":0,"105":0,"107":0,"108":0,"111":0,"112":0,"114":0,"115":0,"117":0,"118":0,"119":0,"121":0,"122":0,"123":0,"124":0,"125":0,"126":0,"127":0,"129":0,"131":0,"132":0,"133":0,"134":0,"136":0,"137":0,"139":0,"140":0,"141":0,"142":0,"143":0,"144":0,"145":0,"146":0,"147":0,"148":0,"149":0,"150":0,"151":0,"152":0,"153":0,"154":0,"155":0,"156":0,"157":0,"158":0,"159":0,"160":0,"161":0,"162":0,"165":0,"167":0,"168":0,"169":0,"171":0,"173":0,"174":0,"175":0,"176":0,"177":0,"178":0,"180":0,"181":0,"183":0,"184":0,"185":0,"186":0,"188":0,"189":0,"190":0,"191":0,"192":0,"193":0,"194":0,"195":0,"197":0,"198":0,"199":0,"200":0,"201":0,"202":0,"204":0,"205":0,"206":0,"207":0,"209":0,"210":0,"211":0,"212":0,"213":0,"214":0,"216":0,"217":0,"218":0,"219":0,"220":0,"221":0,"222":0,"223":0,"225":0,"226":0,"227":0,"233":0,"238":0,"239":0,"240":0,"241":0,"242":0,"243":0,"244":0,"245":0,"248":0,"249":0,"250":0,"252":0,"253":0,"254":0,"255":0,"256":0,"257":0,"258":0,"261":0,"262":0,"264":0,"265":0,"266":0,"267":0,"268":0,"269":0,"271":0,"272":0,"273":0,"274":0,"275":0,"276":0,"278":0,"279":0,"280":0,"282":0,"288":0,"289":0,"290":0,"291":0,"293":0,"298":0,"301":0,"302":0,"303":0,"304":0,"322":0,"323":0,"324":0,"325":0,"326":0,"327":0,"328":0,"329":0,"330":0,"331":0,"332":0,"334":0,"335":0,"336":0,"337":0,"338":0,"339":0,"340":0,"341":0,"342":0,"343":0,"344":0,"345":0,"346":0,"348":0,"349":0,"350":0,"359":0,"361":0,"362":0,"363":0,"364":0,"365":0,"366":0,"371":0,"372":0,"378":0,"379":0,"380":0,"381":0,"382":0,"383":0,"384":0,"385":0,"386":0,"387":0,"388":0,"389":0,"390":0,"394":0,"395":0,"397":0,"398":0,"399":0,"400":0,"401":0,"402":0,"403":0,"404":0,"405":0,"406":0,"407":0,"408":0,"409":0,"410":0,"411":0,"412":0,"413":0,"428":0,"430":0,"431":0,"432":0,"434":0,"436":0,"437":0,"438":0,"439":0,"440":0,"442":0,"443":0,"444":0,"445":0,"446":0,"447":0,"448":0,"449":0,"450":0,"451":0,"452":0,"454":0,"455":0,"456":0,"457":0,"459":0,"460":0,"461":0,"462":0,"463":0,"464":0,"465":0,"467":0,"468":0,"469":0,"471":0,"472":0,"473":0,"474":0,"475":0,"476":0,"477":0,"480":0,"481":0,"483":0,"484":0,"485":0,"486":0,"487":0,"489":0,"503":0,"504":0,"505":0,"506":0,"507":0,"509":0,"510":0,"513":0,"514":0,"520":0,"521":0,"522":0,"523":0,"525":0,"526":0,"527":0,"530":0,"531":0,"532":0,"533":0,"534":0,"536":0,"538":0,"539":0,"540":0,"542":0,"543":0,"544":0,"545":0,"546":0,"547":0,"548":0,"549":0,"550":0,"551":0,"552":0,"553":0,"555":0,"556":0,"557":0,"559":0,"560":0,"561":0,"562":0,"563":0,"564":0,"565":0,"566":0,"567":0,"568":0,"569":0,"570":0,"572":0,"577":0,"578":0,"579":0,"580":0,"581":0,"583":0,"584":0,"585":0,"586":0,"587":0,"588":0,"589":0,"590":0,"591":0,"592":0,"593":0,"594":0,"596":0,"597":0,"598":0,"600":0,"601":0,"602":0,"604":0,"605":0,"606":0,"607":0,"608":0,"609":0,"610":0,"611":0,"612":0,"613":0,"614":0,"615":0,"616":0,"618":0,"619":0,"620":0,"621":0,"622":0,"623":0,"624":0,"626":0,"627":0,"628":0,"629":0,"630":0,"631":0,"632":0,"634":0,"635":0,"636":0,"637":0,"638":0,"639":0,"640":0,"641":0,"642":0,"643":0,"644":0,"655":0,"656":0,"657":0,"658":0,"659":0,"661":0,"662":0,"663":0,"664":0,"665":0,"666":0,"667":0,"669":0,"670":0,"671":0,"672":0,"673":0,"674":0,"675":0,"677":0,"678":0,"679":0,"680":0,"681":0,"682":0,"683":0,"684":0,"685":0,"686":0,"687":0,"688":0,"690":0,"691":0,"692":0,"693":0,"694":0,"695":0,"696":0,"697":0,"698":0,"699":0,"700":0,"701":0,"702":0,"703":0,"704":0,"705":0,"706":0,"707":0,"708":0,"709":0,"710":0,"711":0,"712":0,"713":0,"714":0,"715":0,"716":0,"720":0,"721":0,"722":0,"723":0,"724":0,"725":0,"726":0,"727":0,"728":0,"729":0,"730":0,"731":0,"732":0,"734":0,"735":0,"736":0,"737":0,"739":0,"740":0,"741":0,"742":0,"743":0,"745":0,"746":0,"747":0,"748":0,"749":0,"751":0,"752":0,"753":0,"754":0,"755":0,"756":0,"757":0,"758":0,"759":0,"760":0,"761":0,"762":0,"764":0,"765":0,"767":0,"768":0,"769":0,"770":0,"771":0,"772":0,"773":0,"774":0,"775":0,"776":0,"777":0,"778":0,"779":0,"782":0,"783":0,"784":0},"branchMap":{"0":{"type":"branch","line":1,"loc":{"start":{"line":1,"column":30318},"end":{"line":785,"column":1}},"locations":[{"start":{"line":1,"column":30318},"end":{"line":785,"column":1}}]}},"b":{"0":[0]},"fnMap":{"0":{"name":"(empty-report)","decl":{"start":{"line":1,"column":30318},"end":{"line":785,"column":1}},"loc":{"start":{"line":1,"column":30318},"end":{"line":785,"column":1}},"line":1}},"f":{"0":0}}
,"/Users/chaycao/workspace/oddeNova/src/services/suggestions.ts": {"path":"/Users/chaycao/workspace/oddeNova/src/services/suggestions.ts","all":true,"statementMap":{"0":{"start":{"line":1,"column":0},"end":{"line":1,"column":33}},"5":{"start":{"line":6,"column":0},"end":{"line":6,"column":35}},"6":{"start":{"line":7,"column":0},"end":{"line":7,"column":16}},"7":{"start":{"line":8,"column":0},"end":{"line":8,"column":16}},"8":{"start":{"line":9,"column":0},"end":{"line":9,"column":13}},"9":{"start":{"line":10,"column":0},"end":{"line":10,"column":11}},"10":{"start":{"line":11,"column":0},"end":{"line":11,"column":14}},"11":{"start":{"line":12,"column":0},"end":{"line":12,"column":2}},"16":{"start":{"line":17,"column":0},"end":{"line":17,"column":61}},"29":{"start":{"line":30,"column":0},"end":{"line":30,"column":61}},"30":{"start":{"line":31,"column":0},"end":{"line":31,"column":77}},"31":{"start":{"line":32,"column":0},"end":{"line":32,"column":31}},"32":{"start":{"line":33,"column":0},"end":{"line":33,"column":34}},"35":{"start":{"line":36,"column":0},"end":{"line":36,"column":72}},"36":{"start":{"line":37,"column":0},"end":{"line":37,"column":24}},"37":{"start":{"line":38,"column":0},"end":{"line":38,"column":3}},"39":{"start":{"line":40,"column":0},"end":{"line":40,"column":53}},"40":{"start":{"line":41,"column":0},"end":{"line":41,"column":24}},"41":{"start":{"line":42,"column":0},"end":{"line":42,"column":3}},"43":{"start":{"line":44,"column":0},"end":{"line":44,"column":75}},"44":{"start":{"line":45,"column":0},"end":{"line":45,"column":26}},"45":{"start":{"line":46,"column":0},"end":{"line":46,"column":3}},"47":{"start":{"line":48,"column":0},"end":{"line":48,"column":80}},"48":{"start":{"line":49,"column":0},"end":{"line":49,"column":22}},"49":{"start":{"line":50,"column":0},"end":{"line":50,"column":3}},"51":{"start":{"line":52,"column":0},"end":{"line":52,"column":64}},"52":{"start":{"line":53,"column":0},"end":{"line":53,"column":24}},"53":{"start":{"line":54,"column":0},"end":{"line":54,"column":42}},"54":{"start":{"line":55,"column":0},"end":{"line":55,"column":52}},"55":{"start":{"line":56,"column":0},"end":{"line":56,"column":22}},"57":{"start":{"line":58,"column":0},"end":{"line":58,"column":36}},"58":{"start":{"line":59,"column":0},"end":{"line":59,"column":1}},"60":{"start":{"line":61,"column":0},"end":{"line":61,"column":47}},"61":{"start":{"line":62,"column":0},"end":{"line":62,"column":16}},"62":{"start":{"line":63,"column":0},"end":{"line":63,"column":19}},"63":{"start":{"line":64,"column":0},"end":{"line":64,"column":20}},"64":{"start":{"line":65,"column":0},"end":{"line":65,"column":23}},"65":{"start":{"line":66,"column":0},"end":{"line":66,"column":23}},"66":{"start":{"line":67,"column":0},"end":{"line":67,"column":35}},"67":{"start":{"line":68,"column":0},"end":{"line":68,"column":2}},"69":{"start":{"line":70,"column":0},"end":{"line":70,"column":24}},"70":{"start":{"line":71,"column":0},"end":{"line":71,"column":64}},"71":{"start":{"line":72,"column":0},"end":{"line":72,"column":59}},"72":{"start":{"line":73,"column":0},"end":{"line":73,"column":56}},"73":{"start":{"line":74,"column":0},"end":{"line":74,"column":2}},"79":{"start":{"line":80,"column":0},"end":{"line":80,"column":98}},"80":{"start":{"line":81,"column":0},"end":{"line":81,"column":60}},"81":{"start":{"line":82,"column":0},"end":{"line":82,"column":30}},"82":{"start":{"line":83,"column":0},"end":{"line":83,"column":47}},"83":{"start":{"line":84,"column":0},"end":{"line":84,"column":36}},"84":{"start":{"line":85,"column":0},"end":{"line":85,"column":28}},"85":{"start":{"line":86,"column":0},"end":{"line":86,"column":37}},"86":{"start":{"line":87,"column":0},"end":{"line":87,"column":5}},"87":{"start":{"line":88,"column":0},"end":{"line":88,"column":3}},"88":{"start":{"line":89,"column":0},"end":{"line":89,"column":14}},"89":{"start":{"line":90,"column":0},"end":{"line":90,"column":1}},"91":{"start":{"line":92,"column":0},"end":{"line":92,"column":84}},"92":{"start":{"line":93,"column":0},"end":{"line":93,"column":76}},"93":{"start":{"line":94,"column":0},"end":{"line":94,"column":79}},"94":{"start":{"line":95,"column":0},"end":{"line":95,"column":39}},"96":{"start":{"line":97,"column":0},"end":{"line":97,"column":31}},"99":{"start":{"line":100,"column":0},"end":{"line":100,"column":19}},"100":{"start":{"line":101,"column":0},"end":{"line":101,"column":20}},"101":{"start":{"line":102,"column":0},"end":{"line":102,"column":21}},"102":{"start":{"line":103,"column":0},"end":{"line":103,"column":18}},"112":{"start":{"line":113,"column":0},"end":{"line":113,"column":1}},"118":{"start":{"line":119,"column":0},"end":{"line":119,"column":38}},"119":{"start":{"line":120,"column":0},"end":{"line":120,"column":75}},"120":{"start":{"line":121,"column":0},"end":{"line":121,"column":30}},"121":{"start":{"line":122,"column":0},"end":{"line":122,"column":1}},"123":{"start":{"line":124,"column":0},"end":{"line":124,"column":58}},"124":{"start":{"line":125,"column":0},"end":{"line":125,"column":25}},"126":{"start":{"line":127,"column":0},"end":{"line":127,"column":7}},"127":{"start":{"line":128,"column":0},"end":{"line":128,"column":48}},"128":{"start":{"line":129,"column":0},"end":{"line":129,"column":40}},"129":{"start":{"line":130,"column":0},"end":{"line":130,"column":88}},"130":{"start":{"line":131,"column":0},"end":{"line":131,"column":5}},"131":{"start":{"line":132,"column":0},"end":{"line":132,"column":11}},"133":{"start":{"line":134,"column":0},"end":{"line":134,"column":3}},"135":{"start":{"line":136,"column":0},"end":{"line":136,"column":60}},"136":{"start":{"line":137,"column":0},"end":{"line":137,"column":10}},"137":{"start":{"line":138,"column":0},"end":{"line":138,"column":9}},"138":{"start":{"line":139,"column":0},"end":{"line":139,"column":50}},"139":{"start":{"line":140,"column":0},"end":{"line":140,"column":42}},"140":{"start":{"line":141,"column":0},"end":{"line":141,"column":90}},"141":{"start":{"line":142,"column":0},"end":{"line":142,"column":7}},"142":{"start":{"line":143,"column":0},"end":{"line":143,"column":13}},"144":{"start":{"line":145,"column":0},"end":{"line":145,"column":5}},"145":{"start":{"line":146,"column":0},"end":{"line":146,"column":3}},"146":{"start":{"line":147,"column":0},"end":{"line":147,"column":14}},"147":{"start":{"line":148,"column":0},"end":{"line":148,"column":1}},"154":{"start":{"line":155,"column":0},"end":{"line":155,"column":39}},"155":{"start":{"line":156,"column":0},"end":{"line":156,"column":22}},"156":{"start":{"line":157,"column":0},"end":{"line":157,"column":48}},"157":{"start":{"line":158,"column":0},"end":{"line":158,"column":22}},"158":{"start":{"line":159,"column":0},"end":{"line":159,"column":28}},"159":{"start":{"line":160,"column":0},"end":{"line":160,"column":25}},"160":{"start":{"line":161,"column":0},"end":{"line":161,"column":3}},"161":{"start":{"line":162,"column":0},"end":{"line":162,"column":7}},"162":{"start":{"line":163,"column":0},"end":{"line":163,"column":49}},"163":{"start":{"line":164,"column":0},"end":{"line":164,"column":53}},"164":{"start":{"line":165,"column":0},"end":{"line":165,"column":58}},"166":{"start":{"line":167,"column":0},"end":{"line":167,"column":80}},"167":{"start":{"line":168,"column":0},"end":{"line":168,"column":23}},"168":{"start":{"line":169,"column":0},"end":{"line":169,"column":21}},"169":{"start":{"line":170,"column":0},"end":{"line":170,"column":7}},"170":{"start":{"line":171,"column":0},"end":{"line":171,"column":42}},"171":{"start":{"line":172,"column":0},"end":{"line":172,"column":63}},"172":{"start":{"line":173,"column":0},"end":{"line":173,"column":15}},"173":{"start":{"line":174,"column":0},"end":{"line":174,"column":82}},"174":{"start":{"line":175,"column":0},"end":{"line":175,"column":3}},"175":{"start":{"line":176,"column":0},"end":{"line":176,"column":23}},"176":{"start":{"line":177,"column":0},"end":{"line":177,"column":1}}},"s":{"0":0,"5":0,"6":0,"7":0,"8":0,"9":0,"10":0,"11":0,"16":0,"29":0,"30":0,"31":0,"32":0,"35":0,"36":0,"37":0,"39":0,"40":0,"41":0,"43":0,"44":0,"45":0,"47":0,"48":0,"49":0,"51":0,"52":0,"53":0,"54":0,"55":0,"57":0,"58":0,"60":0,"61":0,"62":0,"63":0,"64":0,"65":0,"66":0,"67":0,"69":0,"70":0,"71":0,"72":0,"73":0,"79":0,"80":0,"81":0,"82":0,"83":0,"84":0,"85":0,"86":0,"87":0,"88":0,"89":0,"91":0,"92":0,"93":0,"94":0,"96":0,"99":0,"100":0,"101":0,"102":0,"112":0,"118":0,"119":0,"120":0,"121":0,"123":0,"124":0,"126":0,"127":0,"128":0,"129":0,"130":0,"131":0,"133":0,"135":0,"136":0,"137":0,"138":0,"139":0,"140":0,"141":0,"142":0,"144":0,"145":0,"146":0,"147":0,"154":0,"155":0,"156":0,"157":0,"158":0,"159":0,"160":0,"161":0,"162":0,"163":0,"164":0,"166":0,"167":0,"168":0,"169":0,"170":0,"171":0,"172":0,"173":0,"174":0,"175":0,"176":0},"branchMap":{"0":{"type":"branch","line":1,"loc":{"start":{"line":1,"column":5158},"end":{"line":177,"column":1}},"locations":[{"start":{"line":1,"column":5158},"end":{"line":177,"column":1}}]}},"b":{"0":[0]},"fnMap":{"0":{"name":"(empty-report)","decl":{"start":{"line":1,"column":5158},"end":{"line":177,"column":1}},"loc":{"start":{"line":1,"column":5158},"end":{"line":177,"column":1}},"line":1}},"f":{"0":0}}
}
